D:\1. CONG VIEC LCDI\CV 2022\4. QUAN NGO QUYEN\3. NGO 384 LACH TRAY\2. THIET KE BVTC\1. THIET KE\1. BAN VE\2. CAP THOAT NUOC\1.MB THOAT NUOC.dwg,Model,12/04/2022 7:27:07 PM,DELL,Gestetner MP 6002 PCL 6,A3 (297 x 420 mm),1:0.828244,
D:\1. CONG VIEC LCDI\CV 2022\4. QUAN NGO QUYEN\4. TRUONG THCS AN DA\2. THIET KE BVTC\1. THIET KE\1.MAT BANG SAN, THOAT NUOC.dwg,Model,16/04/2022 9:58:11 AM,DELL,Gestetner MP 6002 PCL 6,A3 (297 x 420 mm),1:0.310592,
D:\1. CONG VIEC LCDI\CV 2022\2. QUAN LE CHAN\14. TRUONG THCS TRAN PHU\2. THIET KE BVTC\2.CHI TIET TUONG RAO.dwg,Model,09/05/2022 10:56:08 AM,DELL,Gestetner MP 6002 PCL 6,A3 (297 x 420 mm),1:25.8826,
D:\1. CONG VIEC LCDI\CV 2022\2. QUAN LE CHAN\14. TRUONG THCS TRAN PHU\2. THIET KE BVTC\2.CHI TIET TUONG RAO.dwg,Model,09/05/2022 10:56:10 AM,DELL,Gestetner MP 6002 PCL 6,A3 (297 x 420 mm),1:25.8826,
D:\1. CONG VIEC LCDI\CV 2022\2. QUAN LE CHAN\14. TRUONG THCS TRAN PHU\2. THIET KE BVTC\1.MB TUONG RAO.dwg,Model,09/05/2022 10:56:18 AM,DELL,Gestetner MP 6002 PCL 6,A3 (297 x 420 mm),1:0.20663,
D:\1. CONG VIEC LCDI\CV 2022\4. QUAN NGO QUYEN\2. NGO 33 NGO QUYEN\2. THIET KE BVTC\1. THIET KE\1. BAN VE\2. CAP THOAT NUOC\1.BINH DO HE THONG CTN.dwg,Model,20/06/2022 8:49:50 AM,DELL,Gestetner MP 6002 PCL 6,A3 (297 x 420 mm),1:0.251845,
D:\1. CONG VIEC LCDI\CV 2022\4. QUAN NGO QUYEN\2. NGO 33 NGO QUYEN\2. THIET KE BVTC\1. THIET KE\1. BAN VE\2. CAP THOAT NUOC\1.BINH DO HE THONG CTN.dwg,Model,20/06/2022 8:49:51 AM,DELL,Gestetner MP 6002 PCL 6,A3 (297 x 420 mm),1:0.419842,
D:\1. CONG VIEC LCDI\CV 2022\4. QUAN NGO QUYEN\2. NGO 33 NGO QUYEN\2. THIET KE BVTC\1. THIET KE\1. BAN VE\2. CAP THOAT NUOC\2.TRAC DOC THOAT NUOC.dwg,Model,20/06/2022 8:50:08 AM,DELL,Gestetner MP 6002 PCL 6,A3 (297 x 420 mm),1:0.839684,
D:\1. CONG VIEC LCDI\CV 2022\4. QUAN NGO QUYEN\2. NGO 33 NGO QUYEN\2. THIET KE BVTC\1. THIET KE\1. BAN VE\2. CAP THOAT NUOC\3.CHI TIET GA, CONG 500 400 300.dwg,Model,20/06/2022 8:50:22 AM,DELL,Gestetner MP 6002 PCL 6,A3 (297 x 420 mm),1:20.9942,
D:\1. CONG VIEC LCDI\CV 2022\4. QUAN NGO QUYEN\2. NGO 33 NGO QUYEN\2. THIET KE BVTC\1. THIET KE\1. BAN VE\2. CAP THOAT NUOC\3.CHI TIET GA, CONG 500 400 300.dwg,Model,20/06/2022 8:50:25 AM,DELL,Gestetner MP 6002 PCL 6,A3 (297 x 420 mm),1:20.9942,
D:\1. CONG VIEC LCDI\CV 2022\4. QUAN NGO QUYEN\2. NGO 33 NGO QUYEN\2. THIET KE BVTC\1. THIET KE\1. BAN VE\2. CAP THOAT NUOC\3.CHI TIET GA, CONG 500 400 300.dwg,Model,20/06/2022 8:50:27 AM,DELL,Gestetner MP 6002 PCL 6,A3 (297 x 420 mm),1:20.9942,
D:\1. CONG VIEC LCDI\CV 2022\4. QUAN NGO QUYEN\2. NGO 33 NGO QUYEN\2. THIET KE BVTC\1. THIET KE\1. BAN VE\2. CAP THOAT NUOC\3.CHI TIET GA, CONG 500 400 300.dwg,Model,20/06/2022 8:50:29 AM,DELL,Gestetner MP 6002 PCL 6,A3 (297 x 420 mm),1:26.2427,
D:\1. CONG VIEC LCDI\CV 2022\4. QUAN NGO QUYEN\2. NGO 33 NGO QUYEN\2. THIET KE BVTC\1. THIET KE\1. BAN VE\2. CAP THOAT NUOC\3.CHI TIET GA, CONG 500 400 300.dwg,Model,20/06/2022 8:50:32 AM,DELL,Gestetner MP 6002 PCL 6,A3 (297 x 420 mm),1:20.9942,
D:\1. CONG VIEC LCDI\CV 2022\4. QUAN NGO QUYEN\2. NGO 33 NGO QUYEN\2. THIET KE BVTC\1. THIET KE\1. BAN VE\2. CAP THOAT NUOC\3.CHI TIET GA, CONG 500 400 300.dwg,Model,20/06/2022 8:50:34 AM,DELL,Gestetner MP 6002 PCL 6,A3 (297 x 420 mm),1:20.9942,
D:\1. CONG VIEC LCDI\CV 2022\4. QUAN NGO QUYEN\2. NGO 33 NGO QUYEN\2. THIET KE BVTC\1. THIET KE\1. BAN VE\2. CAP THOAT NUOC\3.CHI TIET GA, CONG 500 400 300.dwg,Model,20/06/2022 8:50:37 AM,DELL,Gestetner MP 6002 PCL 6,A3 (297 x 420 mm),1:20.4932,
D:\1. CONG VIEC LCDI\CV 2022\4. QUAN NGO QUYEN\2. NGO 33 NGO QUYEN\2. THIET KE BVTC\1. THIET KE\1. BAN VE\2. CAP THOAT NUOC\3.CHI TIET GA, CONG 500 400 300.dwg,Model,20/06/2022 8:50:39 AM,DELL,Gestetner MP 6002 PCL 6,A3 (297 x 420 mm),1:20.4932,
D:\1. CONG VIEC LCDI\CV 2022\4. QUAN NGO QUYEN\2. NGO 33 NGO QUYEN\2. THIET KE BVTC\1. THIET KE\1. BAN VE\2. CAP THOAT NUOC\3.CHI TIET GA, CONG 500 400 300.dwg,Model,20/06/2022 8:50:41 AM,DELL,Gestetner MP 6002 PCL 6,A3 (297 x 420 mm),1:20.4932,
D:\1. CONG VIEC LCDI\CV 2022\4. QUAN NGO QUYEN\2. NGO 33 NGO QUYEN\2. THIET KE BVTC\1. THIET KE\1. BAN VE\2. CAP THOAT NUOC\3.CHI TIET GA, CONG 500 400 300.dwg,Model,20/06/2022 8:50:44 AM,DELL,Gestetner MP 6002 PCL 6,A3 (297 x 420 mm),1:20.4932,
D:\1. CONG VIEC LCDI\CV 2022\4. QUAN NGO QUYEN\2. NGO 33 NGO QUYEN\2. THIET KE BVTC\1. THIET KE\1. BAN VE\2. CAP THOAT NUOC\3.CHI TIET GA, CONG 500 400 300.dwg,Model,20/06/2022 8:50:46 AM,DELL,Gestetner MP 6002 PCL 6,A3 (297 x 420 mm),1:20.4932,
D:\1. CONG VIEC LCDI\CV 2022\4. QUAN NGO QUYEN\2. NGO 33 NGO QUYEN\2. THIET KE BVTC\1. THIET KE\1. BAN VE\2. CAP THOAT NUOC\3.CHI TIET GA, CONG 500 400 300.dwg,Model,20/06/2022 8:50:48 AM,DELL,Gestetner MP 6002 PCL 6,A3 (297 x 420 mm),1:20.4932,
D:\1. CONG VIEC LCDI\CV 2022\4. QUAN NGO QUYEN\2. NGO 33 NGO QUYEN\2. THIET KE BVTC\1. THIET KE\1. BAN VE\2. CAP THOAT NUOC\2.TRAC DOC THOAT NUOC.dwg,Model,20/06/2022 8:54:36 AM,DELL,Gestetner MP 6002 PCL 6,A3 (297 x 420 mm),1:0.839684,
