D:\1. CONG VIEC LCDI\CV 2022\4. QUAN NGO QUYEN\3. NGO 384 LACH TRAY\2. THIET KE BVTC\1. THIET KE\1. BAN VE\2. CAP THOAT NUOC\3. TRAC DOC THOAT NUOC TUYEN 2...8.dwg,Model,13/04/2022 3:13:44 PM,DELL,Gestetner MP 6002 PCL 6,A3 (297 x 420 mm),1:0.839752,
D:\1. CONG VIEC LCDI\CV 2022\4. QUAN NGO QUYEN\3. NGO 384 LACH TRAY\2. THIET KE BVTC\1. THIET KE\1. BAN VE\2. CAP THOAT NUOC\3. TRAC DOC THOAT NUOC TUYEN 2...8.dwg,Model,13/04/2022 3:13:45 PM,DELL,Gestetner MP 6002 PCL 6,A3 (297 x 420 mm),1:0.839752,
D:\1. CONG VIEC LCDI\CV 2022\4. QUAN NGO QUYEN\3. NGO 384 LACH TRAY\2. THIET KE BVTC\1. THIET KE\1. BAN VE\2. CAP THOAT NUOC\3. TRAC DOC THOAT NUOC TUYEN 2...8.dwg,Model,13/04/2022 3:13:47 PM,DELL,Gestetner MP 6002 PCL 6,A3 (297 x 420 mm),1:0.839752,
D:\1. CONG VIEC LCDI\CV 2022\4. QUAN NGO QUYEN\3. NGO 384 LACH TRAY\2. THIET KE BVTC\1. THIET KE\1. BAN VE\2. CAP THOAT NUOC\2.TRAC DOC THOAT NUOC TUYEN 1.dwg,Model,14/04/2022 2:50:11 PM,DELL,Gestetner MP 6002 PCL 6,A3 (297 x 420 mm),1:1.15457,
D:\1. CONG VIEC LCDI\CV 2022\4. QUAN NGO QUYEN\3. NGO 384 LACH TRAY\2. THIET KE BVTC\1. THIET KE\2. BAN VE - SUA\2. CAP THOAT NUOC\2.TRAC DOC THOAT NUOC TUYEN 1.dwg,Model,30/05/2022 9:41:40 AM,DELL,Gestetner MP 6002 PCL 6,A3 (297 x 420 mm),1:1.15457,
D:\1. CONG VIEC LCDI\CV 2022\4. QUAN NGO QUYEN\3. NGO 384 LACH TRAY\2. THIET KE BVTC\1. THIET KE\2. BAN VE - SUA\2. CAP THOAT NUOC\3. TRAC DOC THOAT NUOC TUYEN 2...8.dwg,Model,30/05/2022 9:41:48 AM,DELL,Gestetner MP 6002 PCL 6,A3 (297 x 420 mm),1:0.839752,
D:\1. CONG VIEC LCDI\CV 2022\4. QUAN NGO QUYEN\3. NGO 384 LACH TRAY\2. THIET KE BVTC\1. THIET KE\2. BAN VE - SUA\2. CAP THOAT NUOC\3. TRAC DOC THOAT NUOC TUYEN 2...8.dwg,Model,30/05/2022 9:41:50 AM,DELL,Gestetner MP 6002 PCL 6,A3 (297 x 420 mm),1:0.839752,
D:\1. CONG VIEC LCDI\CV 2022\4. QUAN NGO QUYEN\3. NGO 384 LACH TRAY\2. THIET KE BVTC\1. THIET KE\2. BAN VE - SUA\2. CAP THOAT NUOC\3. TRAC DOC THOAT NUOC TUYEN 2...8.dwg,Model,30/05/2022 9:41:51 AM,DELL,Gestetner MP 6002 PCL 6,A3 (297 x 420 mm),1:0.839752,
D:\1. CONG VIEC LCDI\CV 2022\4. QUAN NGO QUYEN\3. NGO 384 LACH TRAY\2. THIET KE BVTC\1. THIET KE\2. BAN VE - SUA\2. CAP THOAT NUOC\4. CHI TIET GA, CONG.dwg,Model,30/05/2022 9:42:01 AM,DELL,Gestetner MP 6002 PCL 6,A3 (297 x 420 mm),1:31.4906,
D:\1. CONG VIEC LCDI\CV 2022\4. QUAN NGO QUYEN\3. NGO 384 LACH TRAY\2. THIET KE BVTC\1. THIET KE\2. BAN VE - SUA\2. CAP THOAT NUOC\4. CHI TIET GA, CONG.dwg,Model,30/05/2022 9:42:03 AM,DELL,Gestetner MP 6002 PCL 6,A3 (297 x 420 mm),1:20.9938,
D:\1. CONG VIEC LCDI\CV 2022\4. QUAN NGO QUYEN\3. NGO 384 LACH TRAY\2. THIET KE BVTC\1. THIET KE\2. BAN VE - SUA\2. CAP THOAT NUOC\4. CHI TIET GA, CONG.dwg,Model,30/05/2022 9:42:06 AM,DELL,Gestetner MP 6002 PCL 6,A3 (297 x 420 mm),1:24.5918,
D:\1. CONG VIEC LCDI\CV 2022\4. QUAN NGO QUYEN\3. NGO 384 LACH TRAY\2. THIET KE BVTC\1. THIET KE\2. BAN VE - SUA\2. CAP THOAT NUOC\4. CHI TIET GA, CONG.dwg,Model,30/05/2022 9:42:08 AM,DELL,Gestetner MP 6002 PCL 6,A3 (297 x 420 mm),1:20.4932,
D:\1. CONG VIEC LCDI\CV 2022\4. QUAN NGO QUYEN\3. NGO 384 LACH TRAY\2. THIET KE BVTC\1. THIET KE\2. BAN VE - SUA\2. CAP THOAT NUOC\4. CHI TIET GA, CONG.dwg,Model,30/05/2022 9:42:12 AM,DELL,Gestetner MP 6002 PCL 6,A3 (297 x 420 mm),1:20.9938,
D:\1. CONG VIEC LCDI\CV 2022\4. QUAN NGO QUYEN\3. NGO 384 LACH TRAY\2. THIET KE BVTC\1. THIET KE\2. BAN VE - SUA\2. CAP THOAT NUOC\4. CHI TIET GA, CONG.dwg,Model,30/05/2022 9:42:14 AM,DELL,Gestetner MP 6002 PCL 6,A3 (297 x 420 mm),1:20.9938,
D:\1. CONG VIEC LCDI\CV 2022\4. QUAN NGO QUYEN\3. NGO 384 LACH TRAY\2. THIET KE BVTC\1. THIET KE\2. BAN VE - SUA\2. CAP THOAT NUOC\4. CHI TIET GA, CONG.dwg,Model,30/05/2022 9:42:16 AM,DELL,Gestetner MP 6002 PCL 6,A3 (297 x 420 mm),1:20.9938,
D:\1. CONG VIEC LCDI\CV 2022\4. QUAN NGO QUYEN\3. NGO 384 LACH TRAY\2. THIET KE BVTC\1. THIET KE\2. BAN VE - SUA\2. CAP THOAT NUOC\4. CHI TIET GA, CONG.dwg,Model,30/05/2022 9:42:18 AM,DELL,Gestetner MP 6002 PCL 6,A3 (297 x 420 mm),1:21.932,
D:\1. CONG VIEC LCDI\CV 2022\4. QUAN NGO QUYEN\3. NGO 384 LACH TRAY\2. THIET KE BVTC\1. THIET KE\2. BAN VE - SUA\2. CAP THOAT NUOC\4. CHI TIET GA, CONG.dwg,Model,30/05/2022 9:42:20 AM,DELL,Gestetner MP 6002 PCL 6,A3 (297 x 420 mm),1:20.4932,
D:\1. CONG VIEC LCDI\CV 2022\4. QUAN NGO QUYEN\3. NGO 384 LACH TRAY\2. THIET KE BVTC\1. THIET KE\2. BAN VE - SUA\2. CAP THOAT NUOC\4. CHI TIET GA, CONG.dwg,Model,30/05/2022 9:42:22 AM,DELL,Gestetner MP 6002 PCL 6,A3 (297 x 420 mm),1:20.4932,
D:\1. CONG VIEC LCDI\CV 2022\4. QUAN NGO QUYEN\3. NGO 384 LACH TRAY\2. THIET KE BVTC\1. THIET KE\2. BAN VE - SUA\2. CAP THOAT NUOC\4. CHI TIET GA, CONG.dwg,Model,30/05/2022 9:42:25 AM,DELL,Gestetner MP 6002 PCL 6,A3 (297 x 420 mm),1:20.4932,
D:\1. CONG VIEC LCDI\CV 2022\4. QUAN NGO QUYEN\3. NGO 384 LACH TRAY\2. THIET KE BVTC\1. THIET KE\2. BAN VE - SUA\2. CAP THOAT NUOC\4. CHI TIET GA, CONG.dwg,Model,30/05/2022 9:42:27 AM,DELL,Gestetner MP 6002 PCL 6,A3 (297 x 420 mm),1:20.9935,
D:\1. CONG VIEC LCDI\CV 2022\4. QUAN NGO QUYEN\3. NGO 384 LACH TRAY\2. THIET KE BVTC\1. THIET KE\2. BAN VE - SUA\2. CAP THOAT NUOC\4. CHI TIET GA, CONG.dwg,Model,30/05/2022 9:42:29 AM,DELL,Gestetner MP 6002 PCL 6,A3 (297 x 420 mm),1:20.9935,
D:\1. CONG VIEC LCDI\CV 2022\4. QUAN NGO QUYEN\3. NGO 384 LACH TRAY\2. THIET KE BVTC\1. THIET KE\2. BAN VE - SUA\2. CAP THOAT NUOC\4. CHI TIET GA, CONG.dwg,Model,30/05/2022 9:42:31 AM,DELL,Gestetner MP 6002 PCL 6,A3 (297 x 420 mm),1:20.4932,
D:\1. CONG VIEC LCDI\CV 2022\4. QUAN NGO QUYEN\3. NGO 384 LACH TRAY\2. THIET KE BVTC\1. THIET KE\2. BAN VE - SUA\2. CAP THOAT NUOC\4. CHI TIET GA, CONG.dwg,Model,30/05/2022 9:42:33 AM,DELL,Gestetner MP 6002 PCL 6,A3 (297 x 420 mm),1:20.4932,
D:\1. CONG VIEC LCDI\CV 2022\4. QUAN NGO QUYEN\3. NGO 384 LACH TRAY\2. THIET KE BVTC\1. THIET KE\2. BAN VE - SUA\2. CAP THOAT NUOC\1.MB THOAT NUOC.dwg,Model,30/05/2022 9:42:48 AM,DELL,Gestetner MP 6002 PCL 6,A3 (297 x 420 mm),1:0.251845,
D:\1. CONG VIEC LCDI\CV 2022\4. QUAN NGO QUYEN\3. NGO 384 LACH TRAY\2. THIET KE BVTC\1. THIET KE\1.Bìa BV-fix.dwg,Model,17/06/2022 10:04:06 AM,DELL,Gestetner MP 6002 PCL 6,A4 (210 x 297 mm),1:0.630255,
D:\1. CONG VIEC LCDI\CV 2022\4. QUAN NGO QUYEN\3. NGO 384 LACH TRAY\2. THIET KE BVTC\1. THIET KE\1.Bìa BV-fix.dwg,Model,17/06/2022 10:04:07 AM,DELL,Gestetner MP 6002 PCL 6,A4 (210 x 297 mm),1:0.630255,
D:\1. CONG VIEC LCDI\CV 2022\4. QUAN NGO QUYEN\3. NGO 384 LACH TRAY\2. THIET KE BVTC\1. THIET KE\1.Bìa BV-fix.dwg,Model,17/06/2022 10:04:17 AM,DELL,Gestetner MP 6002 PCL 6,A3 (297 x 420 mm),1:0.439221,
D:\1. CONG VIEC LCDI\CV 2022\4. QUAN NGO QUYEN\3. NGO 384 LACH TRAY\2. THIET KE BVTC\1. THIET KE\1.Bìa BV-fix.dwg,Model,17/06/2022 10:04:19 AM,DELL,Gestetner MP 6002 PCL 6,A3 (297 x 420 mm),1:0.439221,
D:\1. CONG VIEC LCDI\CV 2022\4. QUAN NGO QUYEN\3. NGO 384 LACH TRAY\2. THIET KE BVTC\1. THIET KE\2. BAN VE - SUA\1. NEN MAT NGO\1.BINH DO HT+TK.dwg,Model,17/06/2022 10:04:33 AM,DELL,Gestetner MP 6002 PCL 6,A3 (297 x 420 mm),1:0.251845,
D:\1. CONG VIEC LCDI\CV 2022\4. QUAN NGO QUYEN\3. NGO 384 LACH TRAY\2. THIET KE BVTC\1. THIET KE\2. BAN VE - SUA\1. NEN MAT NGO\2. TRAC NGANG DIEN HINH.dwg,Model,17/06/2022 10:04:47 AM,DELL,Gestetner MP 6002 PCL 6,A3 (297 x 420 mm),1:24.5927,
D:\1. CONG VIEC LCDI\CV 2022\4. QUAN NGO QUYEN\3. NGO 384 LACH TRAY\2. THIET KE BVTC\1. THIET KE\2. BAN VE - SUA\1. NEN MAT NGO\2. TRAC NGANG DIEN HINH.dwg,Model,17/06/2022 10:04:49 AM,DELL,Gestetner MP 6002 PCL 6,A3 (297 x 420 mm),1:24.5927,
D:\1. CONG VIEC LCDI\CV 2022\4. QUAN NGO QUYEN\3. NGO 384 LACH TRAY\2. THIET KE BVTC\1. THIET KE\2. BAN VE - SUA\1. NEN MAT NGO\2. TRAC NGANG DIEN HINH.dwg,Model,17/06/2022 10:04:51 AM,DELL,Gestetner MP 6002 PCL 6,A3 (297 x 420 mm),1:20.4939,
D:\1. CONG VIEC LCDI\CV 2022\4. QUAN NGO QUYEN\3. NGO 384 LACH TRAY\2. THIET KE BVTC\1. THIET KE\2. BAN VE - SUA\1. NEN MAT NGO\2. TRAC NGANG DIEN HINH.dwg,Model,17/06/2022 10:04:53 AM,DELL,Gestetner MP 6002 PCL 6,A3 (297 x 420 mm),1:20.4939,
D:\1. CONG VIEC LCDI\CV 2022\4. QUAN NGO QUYEN\3. NGO 384 LACH TRAY\2. THIET KE BVTC\1. THIET KE\2. BAN VE - SUA\1. NEN MAT NGO\2. TRAC NGANG DIEN HINH.dwg,Model,17/06/2022 10:04:56 AM,DELL,Gestetner MP 6002 PCL 6,A3 (297 x 420 mm),1:20.4939,
D:\1. CONG VIEC LCDI\CV 2022\4. QUAN NGO QUYEN\3. NGO 384 LACH TRAY\2. THIET KE BVTC\1. THIET KE\2. BAN VE - SUA\1. NEN MAT NGO\3.TD+TN CHI TIET TUYEN 1.dwg,Model,17/06/2022 10:05:16 AM,DELL,Gestetner MP 6002 PCL 6,A3 (297 x 420 mm),1:1.15457,
D:\1. CONG VIEC LCDI\CV 2022\4. QUAN NGO QUYEN\3. NGO 384 LACH TRAY\2. THIET KE BVTC\1. THIET KE\2. BAN VE - SUA\1. NEN MAT NGO\3.TD+TN CHI TIET TUYEN 1.dwg,Model,17/06/2022 10:05:18 AM,DELL,Gestetner MP 6002 PCL 6,A3 (297 x 420 mm),1:0.209921,
D:\1. CONG VIEC LCDI\CV 2022\4. QUAN NGO QUYEN\3. NGO 384 LACH TRAY\2. THIET KE BVTC\1. THIET KE\2. BAN VE - SUA\1. NEN MAT NGO\3.TD+TN CHI TIET TUYEN 1.dwg,Model,17/06/2022 10:05:20 AM,DELL,Gestetner MP 6002 PCL 6,A3 (297 x 420 mm),1:0.209921,
D:\1. CONG VIEC LCDI\CV 2022\4. QUAN NGO QUYEN\3. NGO 384 LACH TRAY\2. THIET KE BVTC\1. THIET KE\2. BAN VE - SUA\1. NEN MAT NGO\3.TD+TN CHI TIET TUYEN 1.dwg,Model,17/06/2022 10:05:21 AM,DELL,Gestetner MP 6002 PCL 6,A3 (297 x 420 mm),1:0.209921,
D:\1. CONG VIEC LCDI\CV 2022\4. QUAN NGO QUYEN\3. NGO 384 LACH TRAY\2. THIET KE BVTC\1. THIET KE\2. BAN VE - SUA\1. NEN MAT NGO\3.TD+TN CHI TIET TUYEN 1.dwg,Model,17/06/2022 10:05:23 AM,DELL,Gestetner MP 6002 PCL 6,A3 (297 x 420 mm),1:0.209921,
D:\1. CONG VIEC LCDI\CV 2022\4. QUAN NGO QUYEN\3. NGO 384 LACH TRAY\2. THIET KE BVTC\1. THIET KE\2. BAN VE - SUA\1. NEN MAT NGO\3.TD+TN CHI TIET TUYEN 1.dwg,Model,17/06/2022 10:05:24 AM,DELL,Gestetner MP 6002 PCL 6,A3 (297 x 420 mm),1:0.209921,
D:\1. CONG VIEC LCDI\CV 2022\4. QUAN NGO QUYEN\3. NGO 384 LACH TRAY\2. THIET KE BVTC\1. THIET KE\2. BAN VE - SUA\1. NEN MAT NGO\3.TD+TN CHI TIET TUYEN 1.dwg,Model,17/06/2022 10:05:26 AM,DELL,Gestetner MP 6002 PCL 6,A3 (297 x 420 mm),1:0.209921,
D:\1. CONG VIEC LCDI\CV 2022\4. QUAN NGO QUYEN\3. NGO 384 LACH TRAY\2. THIET KE BVTC\1. THIET KE\2. BAN VE - SUA\1. NEN MAT NGO\4. TD+TN CHI TIET TUYEN 2...8.dwg,Model,17/06/2022 10:05:39 AM,DELL,Gestetner MP 6002 PCL 6,A3 (297 x 420 mm),1:0.839752,
D:\1. CONG VIEC LCDI\CV 2022\4. QUAN NGO QUYEN\3. NGO 384 LACH TRAY\2. THIET KE BVTC\1. THIET KE\2. BAN VE - SUA\1. NEN MAT NGO\4. TD+TN CHI TIET TUYEN 2...8.dwg,Model,17/06/2022 10:05:41 AM,DELL,Gestetner MP 6002 PCL 6,A3 (297 x 420 mm),1:0.209921,
D:\1. CONG VIEC LCDI\CV 2022\4. QUAN NGO QUYEN\3. NGO 384 LACH TRAY\2. THIET KE BVTC\1. THIET KE\2. BAN VE - SUA\1. NEN MAT NGO\4. TD+TN CHI TIET TUYEN 2...8.dwg,Model,17/06/2022 10:05:43 AM,DELL,Gestetner MP 6002 PCL 6,A3 (297 x 420 mm),1:0.209921,
D:\1. CONG VIEC LCDI\CV 2022\4. QUAN NGO QUYEN\3. NGO 384 LACH TRAY\2. THIET KE BVTC\1. THIET KE\2. BAN VE - SUA\1. NEN MAT NGO\4. TD+TN CHI TIET TUYEN 2...8.dwg,Model,17/06/2022 10:05:44 AM,DELL,Gestetner MP 6002 PCL 6,A3 (297 x 420 mm),1:0.839752,
D:\1. CONG VIEC LCDI\CV 2022\4. QUAN NGO QUYEN\3. NGO 384 LACH TRAY\2. THIET KE BVTC\1. THIET KE\2. BAN VE - SUA\1. NEN MAT NGO\4. TD+TN CHI TIET TUYEN 2...8.dwg,Model,17/06/2022 10:05:46 AM,DELL,Gestetner MP 6002 PCL 6,A3 (297 x 420 mm),1:0.209921,
D:\1. CONG VIEC LCDI\CV 2022\4. QUAN NGO QUYEN\3. NGO 384 LACH TRAY\2. THIET KE BVTC\1. THIET KE\2. BAN VE - SUA\1. NEN MAT NGO\4. TD+TN CHI TIET TUYEN 2...8.dwg,Model,17/06/2022 10:05:47 AM,DELL,Gestetner MP 6002 PCL 6,A3 (297 x 420 mm),1:0.209921,
D:\1. CONG VIEC LCDI\CV 2022\4. QUAN NGO QUYEN\3. NGO 384 LACH TRAY\2. THIET KE BVTC\1. THIET KE\2. BAN VE - SUA\1. NEN MAT NGO\4. TD+TN CHI TIET TUYEN 2...8.dwg,Model,17/06/2022 10:05:49 AM,DELL,Gestetner MP 6002 PCL 6,A3 (297 x 420 mm),1:0.839752,
D:\1. CONG VIEC LCDI\CV 2022\4. QUAN NGO QUYEN\3. NGO 384 LACH TRAY\2. THIET KE BVTC\1. THIET KE\2. BAN VE - SUA\1. NEN MAT NGO\4. TD+TN CHI TIET TUYEN 2...8.dwg,Model,17/06/2022 10:05:50 AM,DELL,Gestetner MP 6002 PCL 6,A3 (297 x 420 mm),1:0.209921,
D:\1. CONG VIEC LCDI\CV 2022\4. QUAN NGO QUYEN\3. NGO 384 LACH TRAY\2. THIET KE BVTC\1. THIET KE\2. BAN VE - SUA\1. NEN MAT NGO\4. TD+TN CHI TIET TUYEN 2...8.dwg,Model,17/06/2022 10:05:52 AM,DELL,Gestetner MP 6002 PCL 6,A3 (297 x 420 mm),1:0.209921,
D:\1. CONG VIEC LCDI\CV 2022\4. QUAN NGO QUYEN\3. NGO 384 LACH TRAY\2. THIET KE BVTC\1. THIET KE\2. BAN VE - SUA\1. NEN MAT NGO\4. TD+TN CHI TIET TUYEN 2...8.dwg,Model,17/06/2022 10:05:54 AM,DELL,Gestetner MP 6002 PCL 6,A3 (297 x 420 mm),1:0.839752,
D:\1. CONG VIEC LCDI\CV 2022\4. QUAN NGO QUYEN\3. NGO 384 LACH TRAY\2. THIET KE BVTC\1. THIET KE\2. BAN VE - SUA\1. NEN MAT NGO\4. TD+TN CHI TIET TUYEN 2...8.dwg,Model,17/06/2022 10:05:55 AM,DELL,Gestetner MP 6002 PCL 6,A3 (297 x 420 mm),1:0.209921,
D:\1. CONG VIEC LCDI\CV 2022\4. QUAN NGO QUYEN\3. NGO 384 LACH TRAY\2. THIET KE BVTC\1. THIET KE\2. BAN VE - SUA\1. NEN MAT NGO\4. TD+TN CHI TIET TUYEN 2...8.dwg,Model,17/06/2022 10:05:57 AM,DELL,Gestetner MP 6002 PCL 6,A3 (297 x 420 mm),1:0.209921,
D:\1. CONG VIEC LCDI\CV 2022\4. QUAN NGO QUYEN\3. NGO 384 LACH TRAY\2. THIET KE BVTC\1. THIET KE\2. BAN VE - SUA\1. NEN MAT NGO\4. TD+TN CHI TIET TUYEN 2...8.dwg,Model,17/06/2022 10:05:58 AM,DELL,Gestetner MP 6002 PCL 6,A3 (297 x 420 mm),1:0.209921,
D:\1. CONG VIEC LCDI\CV 2022\4. QUAN NGO QUYEN\3. NGO 384 LACH TRAY\2. THIET KE BVTC\1. THIET KE\2. BAN VE - SUA\1. NEN MAT NGO\4. TD+TN CHI TIET TUYEN 2...8.dwg,Model,17/06/2022 10:06:01 AM,DELL,Gestetner MP 6002 PCL 6,A3 (297 x 420 mm),1:0.839752,
D:\1. CONG VIEC LCDI\CV 2022\4. QUAN NGO QUYEN\3. NGO 384 LACH TRAY\2. THIET KE BVTC\1. THIET KE\2. BAN VE - SUA\1. NEN MAT NGO\4. TD+TN CHI TIET TUYEN 2...8.dwg,Model,17/06/2022 10:06:02 AM,DELL,Gestetner MP 6002 PCL 6,A3 (297 x 420 mm),1:0.209921,
D:\1. CONG VIEC LCDI\CV 2022\4. QUAN NGO QUYEN\3. NGO 384 LACH TRAY\2. THIET KE BVTC\1. THIET KE\2. BAN VE - SUA\1. NEN MAT NGO\4. TD+TN CHI TIET TUYEN 2...8.dwg,Model,17/06/2022 10:06:04 AM,DELL,Gestetner MP 6002 PCL 6,A3 (297 x 420 mm),1:0.839752,
D:\1. CONG VIEC LCDI\CV 2022\4. QUAN NGO QUYEN\3. NGO 384 LACH TRAY\2. THIET KE BVTC\1. THIET KE\2. BAN VE - SUA\1. NEN MAT NGO\4. TD+TN CHI TIET TUYEN 2...8.dwg,Model,17/06/2022 10:06:05 AM,DELL,Gestetner MP 6002 PCL 6,A3 (297 x 420 mm),1:0.209921,
D:\1. CONG VIEC LCDI\CV 2022\4. QUAN NGO QUYEN\3. NGO 384 LACH TRAY\2. THIET KE BVTC\1. THIET KE\2. BAN VE - SUA\1. NEN MAT NGO\4. TD+TN CHI TIET TUYEN 2...8.dwg,Model,17/06/2022 10:06:07 AM,DELL,Gestetner MP 6002 PCL 6,A3 (297 x 420 mm),1:0.209921,
D:\1. CONG VIEC LCDI\CV 2022\4. QUAN NGO QUYEN\3. NGO 384 LACH TRAY\2. THIET KE BVTC\1. THIET KE\2. BAN VE - SUA\1. NEN MAT NGO\4. TD+TN CHI TIET TUYEN 2...8.dwg,Model,17/06/2022 10:06:09 AM,DELL,Gestetner MP 6002 PCL 6,A3 (297 x 420 mm),1:0.839752,
D:\1. CONG VIEC LCDI\CV 2022\4. QUAN NGO QUYEN\3. NGO 384 LACH TRAY\2. THIET KE BVTC\1. THIET KE\2. BAN VE - SUA\1. NEN MAT NGO\4. TD+TN CHI TIET TUYEN 2...8.dwg,Model,17/06/2022 10:06:10 AM,DELL,Gestetner MP 6002 PCL 6,A3 (297 x 420 mm),1:0.209921,
D:\1. CONG VIEC LCDI\CV 2022\4. QUAN NGO QUYEN\3. NGO 384 LACH TRAY\2. THIET KE BVTC\1. THIET KE\2. BAN VE - SUA\1. NEN MAT NGO\4. TD+TN CHI TIET TUYEN 2...8.dwg,Model,17/06/2022 10:06:12 AM,DELL,Gestetner MP 6002 PCL 6,A3 (297 x 420 mm),1:0.209921,
D:\1. CONG VIEC LCDI\CV 2022\4. QUAN NGO QUYEN\3. NGO 384 LACH TRAY\2. THIET KE BVTC\1. THIET KE\2. BAN VE - SUA\2. CAP THOAT NUOC\1.MB THOAT NUOC.dwg,Model,17/06/2022 10:06:27 AM,DELL,Gestetner MP 6002 PCL 6,A3 (297 x 420 mm),1:0.251845,
D:\1. CONG VIEC LCDI\CV 2022\4. QUAN NGO QUYEN\3. NGO 384 LACH TRAY\2. THIET KE BVTC\1. THIET KE\2. BAN VE - SUA\2. CAP THOAT NUOC\2.TRAC DOC THOAT NUOC TUYEN 1.dwg,Model,17/06/2022 10:06:39 AM,DELL,Gestetner MP 6002 PCL 6,A3 (297 x 420 mm),1:1.15457,
D:\1. CONG VIEC LCDI\CV 2022\4. QUAN NGO QUYEN\3. NGO 384 LACH TRAY\2. THIET KE BVTC\1. THIET KE\2. BAN VE - SUA\2. CAP THOAT NUOC\3. TRAC DOC THOAT NUOC TUYEN 2...8.dwg,Model,17/06/2022 10:06:46 AM,DELL,Gestetner MP 6002 PCL 6,A3 (297 x 420 mm),1:0.839752,
D:\1. CONG VIEC LCDI\CV 2022\4. QUAN NGO QUYEN\3. NGO 384 LACH TRAY\2. THIET KE BVTC\1. THIET KE\2. BAN VE - SUA\2. CAP THOAT NUOC\3. TRAC DOC THOAT NUOC TUYEN 2...8.dwg,Model,17/06/2022 10:06:48 AM,DELL,Gestetner MP 6002 PCL 6,A3 (297 x 420 mm),1:0.839752,
D:\1. CONG VIEC LCDI\CV 2022\4. QUAN NGO QUYEN\3. NGO 384 LACH TRAY\2. THIET KE BVTC\1. THIET KE\2. BAN VE - SUA\2. CAP THOAT NUOC\3. TRAC DOC THOAT NUOC TUYEN 2...8.dwg,Model,17/06/2022 10:06:50 AM,DELL,Gestetner MP 6002 PCL 6,A3 (297 x 420 mm),1:0.839752,
D:\1. CONG VIEC LCDI\CV 2022\4. QUAN NGO QUYEN\3. NGO 384 LACH TRAY\2. THIET KE BVTC\1. THIET KE\2. BAN VE - SUA\2. CAP THOAT NUOC\4. CHI TIET GA, CONG.dwg,Model,17/06/2022 10:07:00 AM,DELL,Gestetner MP 6002 PCL 6,A3 (297 x 420 mm),1:31.4906,
D:\1. CONG VIEC LCDI\CV 2022\4. QUAN NGO QUYEN\3. NGO 384 LACH TRAY\2. THIET KE BVTC\1. THIET KE\2. BAN VE - SUA\2. CAP THOAT NUOC\4. CHI TIET GA, CONG.dwg,Model,17/06/2022 10:07:03 AM,DELL,Gestetner MP 6002 PCL 6,A3 (297 x 420 mm),1:20.9938,
D:\1. CONG VIEC LCDI\CV 2022\4. QUAN NGO QUYEN\3. NGO 384 LACH TRAY\2. THIET KE BVTC\1. THIET KE\2. BAN VE - SUA\2. CAP THOAT NUOC\4. CHI TIET GA, CONG.dwg,Model,17/06/2022 10:07:06 AM,DELL,Gestetner MP 6002 PCL 6,A3 (297 x 420 mm),1:24.5918,
D:\1. CONG VIEC LCDI\CV 2022\4. QUAN NGO QUYEN\3. NGO 384 LACH TRAY\2. THIET KE BVTC\1. THIET KE\2. BAN VE - SUA\2. CAP THOAT NUOC\4. CHI TIET GA, CONG.dwg,Model,17/06/2022 10:07:09 AM,DELL,Gestetner MP 6002 PCL 6,A3 (297 x 420 mm),1:20.4932,
D:\1. CONG VIEC LCDI\CV 2022\4. QUAN NGO QUYEN\3. NGO 384 LACH TRAY\2. THIET KE BVTC\1. THIET KE\2. BAN VE - SUA\2. CAP THOAT NUOC\4. CHI TIET GA, CONG.dwg,Model,17/06/2022 10:07:12 AM,DELL,Gestetner MP 6002 PCL 6,A3 (297 x 420 mm),1:20.9938,
D:\1. CONG VIEC LCDI\CV 2022\4. QUAN NGO QUYEN\3. NGO 384 LACH TRAY\2. THIET KE BVTC\1. THIET KE\2. BAN VE - SUA\2. CAP THOAT NUOC\4. CHI TIET GA, CONG.dwg,Model,17/06/2022 10:07:15 AM,DELL,Gestetner MP 6002 PCL 6,A3 (297 x 420 mm),1:20.9938,
D:\1. CONG VIEC LCDI\CV 2022\4. QUAN NGO QUYEN\3. NGO 384 LACH TRAY\2. THIET KE BVTC\1. THIET KE\2. BAN VE - SUA\2. CAP THOAT NUOC\4. CHI TIET GA, CONG.dwg,Model,17/06/2022 10:07:17 AM,DELL,Gestetner MP 6002 PCL 6,A3 (297 x 420 mm),1:20.9938,
D:\1. CONG VIEC LCDI\CV 2022\4. QUAN NGO QUYEN\3. NGO 384 LACH TRAY\2. THIET KE BVTC\1. THIET KE\2. BAN VE - SUA\2. CAP THOAT NUOC\4. CHI TIET GA, CONG.dwg,Model,17/06/2022 10:07:19 AM,DELL,Gestetner MP 6002 PCL 6,A3 (297 x 420 mm),1:21.932,
D:\1. CONG VIEC LCDI\CV 2022\4. QUAN NGO QUYEN\3. NGO 384 LACH TRAY\2. THIET KE BVTC\1. THIET KE\2. BAN VE - SUA\2. CAP THOAT NUOC\4. CHI TIET GA, CONG.dwg,Model,17/06/2022 10:07:22 AM,DELL,Gestetner MP 6002 PCL 6,A3 (297 x 420 mm),1:20.4932,
D:\1. CONG VIEC LCDI\CV 2022\4. QUAN NGO QUYEN\3. NGO 384 LACH TRAY\2. THIET KE BVTC\1. THIET KE\2. BAN VE - SUA\2. CAP THOAT NUOC\4. CHI TIET GA, CONG.dwg,Model,17/06/2022 10:07:24 AM,DELL,Gestetner MP 6002 PCL 6,A3 (297 x 420 mm),1:20.4932,
D:\1. CONG VIEC LCDI\CV 2022\4. QUAN NGO QUYEN\3. NGO 384 LACH TRAY\2. THIET KE BVTC\1. THIET KE\2. BAN VE - SUA\2. CAP THOAT NUOC\4. CHI TIET GA, CONG.dwg,Model,17/06/2022 10:07:26 AM,DELL,Gestetner MP 6002 PCL 6,A3 (297 x 420 mm),1:20.4932,
D:\1. CONG VIEC LCDI\CV 2022\4. QUAN NGO QUYEN\3. NGO 384 LACH TRAY\2. THIET KE BVTC\1. THIET KE\2. BAN VE - SUA\2. CAP THOAT NUOC\4. CHI TIET GA, CONG.dwg,Model,17/06/2022 10:07:29 AM,DELL,Gestetner MP 6002 PCL 6,A3 (297 x 420 mm),1:20.9935,
D:\1. CONG VIEC LCDI\CV 2022\4. QUAN NGO QUYEN\3. NGO 384 LACH TRAY\2. THIET KE BVTC\1. THIET KE\2. BAN VE - SUA\2. CAP THOAT NUOC\4. CHI TIET GA, CONG.dwg,Model,17/06/2022 10:07:31 AM,DELL,Gestetner MP 6002 PCL 6,A3 (297 x 420 mm),1:20.9935,
D:\1. CONG VIEC LCDI\CV 2022\4. QUAN NGO QUYEN\3. NGO 384 LACH TRAY\2. THIET KE BVTC\1. THIET KE\2. BAN VE - SUA\2. CAP THOAT NUOC\4. CHI TIET GA, CONG.dwg,Model,17/06/2022 10:07:33 AM,DELL,Gestetner MP 6002 PCL 6,A3 (297 x 420 mm),1:20.4932,
D:\1. CONG VIEC LCDI\CV 2022\4. QUAN NGO QUYEN\3. NGO 384 LACH TRAY\2. THIET KE BVTC\1. THIET KE\2. BAN VE - SUA\2. CAP THOAT NUOC\4. CHI TIET GA, CONG.dwg,Model,17/06/2022 10:07:36 AM,DELL,Gestetner MP 6002 PCL 6,A3 (297 x 420 mm),1:20.4932,
D:\1. CONG VIEC LCDI\CV 2022\4. QUAN NGO QUYEN\3. NGO 384 LACH TRAY\2. THIET KE BVTC\1. THIET KE\2. BAN VE - SUA\2. CAP THOAT NUOC\2.TRAC DOC THOAT NUOC TUYEN 1.dwg,Model,17/06/2022 10:11:57 AM,DELL,Gestetner MP 6002 PCL 6,A3 (297 x 420 mm),1:1.15457,
D:\1. CONG VIEC LCDI\CV 2022\4. QUAN NGO QUYEN\2. NGO 33 NGO QUYEN\2. THIET KE BVTC\1. THIET KE\1. BAN VE\1. NEN MAT NGO\1.BINH DO HT+TK.dwg,Model,20/06/2022 8:40:15 AM,DELL,Gestetner MP 6002 PCL 6,A3 (297 x 420 mm),1:0.251845,
D:\1. CONG VIEC LCDI\CV 2022\4. QUAN NGO QUYEN\2. NGO 33 NGO QUYEN\2. THIET KE BVTC\1. THIET KE\1. BAN VE\1. NEN MAT NGO\1.BINH DO HT+TK.dwg,Model,20/06/2022 8:40:17 AM,DELL,Gestetner MP 6002 PCL 6,A3 (297 x 420 mm),1:0.419842,
D:\1. CONG VIEC LCDI\CV 2022\4. QUAN NGO QUYEN\2. NGO 33 NGO QUYEN\2. THIET KE BVTC\1. THIET KE\1. BAN VE\1. NEN MAT NGO\1.BINH DO HT+TK.dwg,Model,20/06/2022 8:40:19 AM,DELL,Gestetner MP 6002 PCL 6,A3 (297 x 420 mm),1:0.419842,
D:\1. CONG VIEC LCDI\CV 2022\4. QUAN NGO QUYEN\2. NGO 33 NGO QUYEN\2. THIET KE BVTC\1. THIET KE\1. BAN VE\1. NEN MAT NGO\1.BINH DO HT+TK.dwg,Model,20/06/2022 8:40:21 AM,DELL,Gestetner MP 6002 PCL 6,A3 (297 x 420 mm),1:0.419842,
D:\1. CONG VIEC LCDI\CV 2022\4. QUAN NGO QUYEN\2. NGO 33 NGO QUYEN\2. THIET KE BVTC\1. THIET KE\1. BAN VE\1. NEN MAT NGO\1.BINH DO HT+TK.dwg,Model,20/06/2022 8:40:23 AM,DELL,Gestetner MP 6002 PCL 6,A3 (297 x 420 mm),1:0.419842,
D:\1. CONG VIEC LCDI\CV 2022\4. QUAN NGO QUYEN\2. NGO 33 NGO QUYEN\2. THIET KE BVTC\1. THIET KE\1. BAN VE\1. NEN MAT NGO\2.TRAC NGANG DIEN HINH.dwg,Model,20/06/2022 8:40:32 AM,DELL,Gestetner MP 6002 PCL 6,A3 (297 x 420 mm),1:24.5927,
D:\1. CONG VIEC LCDI\CV 2022\4. QUAN NGO QUYEN\2. NGO 33 NGO QUYEN\2. THIET KE BVTC\1. THIET KE\1. BAN VE\1. NEN MAT NGO\2.TRAC NGANG DIEN HINH.dwg,Model,20/06/2022 8:40:34 AM,DELL,Gestetner MP 6002 PCL 6,A3 (297 x 420 mm),1:26.6421,
D:\1. CONG VIEC LCDI\CV 2022\4. QUAN NGO QUYEN\2. NGO 33 NGO QUYEN\2. THIET KE BVTC\1. THIET KE\1. BAN VE\1. NEN MAT NGO\2.TRAC NGANG DIEN HINH.dwg,Model,20/06/2022 8:40:36 AM,DELL,Gestetner MP 6002 PCL 6,A3 (297 x 420 mm),1:20.4939,
D:\1. CONG VIEC LCDI\CV 2022\4. QUAN NGO QUYEN\2. NGO 33 NGO QUYEN\2. THIET KE BVTC\1. THIET KE\1. BAN VE\1. NEN MAT NGO\2.TRAC NGANG DIEN HINH.dwg,Model,20/06/2022 8:40:38 AM,DELL,Gestetner MP 6002 PCL 6,A3 (297 x 420 mm),1:20.4939,
D:\1. CONG VIEC LCDI\CV 2022\4. QUAN NGO QUYEN\2. NGO 33 NGO QUYEN\2. THIET KE BVTC\1. THIET KE\1. BAN VE\1. NEN MAT NGO\3.TD+TN CHI TIET.dwg,Model,20/06/2022 8:40:51 AM,DELL,Gestetner MP 6002 PCL 6,A3 (297 x 420 mm),1:0.209921,
D:\1. CONG VIEC LCDI\CV 2022\4. QUAN NGO QUYEN\2. NGO 33 NGO QUYEN\2. THIET KE BVTC\1. THIET KE\1. BAN VE\1. NEN MAT NGO\3.TD+TN CHI TIET.dwg,Model,20/06/2022 8:40:52 AM,DELL,Gestetner MP 6002 PCL 6,A3 (297 x 420 mm),1:0.209921,
D:\1. CONG VIEC LCDI\CV 2022\4. QUAN NGO QUYEN\2. NGO 33 NGO QUYEN\2. THIET KE BVTC\1. THIET KE\1. BAN VE\1. NEN MAT NGO\3.TD+TN CHI TIET.dwg,Model,20/06/2022 8:40:54 AM,DELL,Gestetner MP 6002 PCL 6,A3 (297 x 420 mm),1:0.209921,
D:\1. CONG VIEC LCDI\CV 2022\4. QUAN NGO QUYEN\2. NGO 33 NGO QUYEN\2. THIET KE BVTC\1. THIET KE\1. BAN VE\1. NEN MAT NGO\3.TD+TN CHI TIET.dwg,Model,20/06/2022 8:40:56 AM,DELL,Gestetner MP 6002 PCL 6,A3 (297 x 420 mm),1:0.209921,
