D:\1. CONG VIEC LCDI\CV 2022\4. QUAN NGO QUYEN\2. NGO 33 NGO QUYEN\2. THIET KE BVTC\1. THIET KE\1. BAN VE\2. CAP THOAT NUOC\1.BINH DO HE THONG CTN.dwg,Model,04/04/2022 9:42:17 AM,DELL,Gestetner MP 6002 PCL 6,A3 (297 x 420 mm),1:0.356897,
D:\1. CONG VIEC LCDI\CV 2022\4. QUAN NGO QUYEN\2. NGO 33 NGO QUYEN\2. THIET KE BVTC\1. THIET KE\1. BAN VE\2. CAP THOAT NUOC\3.CHI TIET GA LOAI 1, 2.dwg,Model,04/04/2022 3:43:57 PM,DELL,Gestetner MP 6002 PCL 6,A3 (297 x 420 mm),1:20.9942,
D:\1. CONG VIEC LCDI\CV 2022\4. QUAN NGO QUYEN\2. NGO 33 NGO QUYEN\2. THIET KE BVTC\1. THIET KE\1. BAN VE\2. CAP THOAT NUOC\3.CHI TIET GA LOAI 1, 2.dwg,Model,04/04/2022 3:44:07 PM,DELL,Gestetner MP 6002 PCL 6,A3 (297 x 420 mm),1:20.9942,
D:\1. CONG VIEC LCDI\CV 2022\4. QUAN NGO QUYEN\2. NGO 33 NGO QUYEN\2. THIET KE BVTC\1. THIET KE\1. BAN VE\2. CAP THOAT NUOC\3.CHI TIET GA LOAI 1, 2.dwg,Model,04/04/2022 3:44:14 PM,DELL,Gestetner MP 6002 PCL 6,A3 (297 x 420 mm),1:23.7929,
D:\1. CONG VIEC LCDI\CV 2022\4. QUAN NGO QUYEN\2. NGO 33 NGO QUYEN\2. THIET KE BVTC\1. THIET KE\1. BAN VE\2. CAP THOAT NUOC\1.BINH DO HE THONG CTN.dwg,Model,05/04/2022 9:49:55 AM,DELL,Gestetner MP 6002 PCL 6,A3 (297 x 420 mm),1:0.419842,
D:\1. CONG VIEC LCDI\CV 2022\4. QUAN NGO QUYEN\2. NGO 33 NGO QUYEN\2. THIET KE BVTC\1. THIET KE\1. BAN VE\1. NEN MAT NGO\1.BINH DO HT+TK.dwg,Model,05/04/2022 3:42:59 PM,DELL,Gestetner MP 6002 PCL 6,A3 (297 x 420 mm),1:0.251845,
D:\1. CONG VIEC LCDI\CV 2022\4. QUAN NGO QUYEN\2. NGO 33 NGO QUYEN\2. THIET KE BVTC\1. THIET KE\1. BAN VE\1. NEN MAT NGO\1.BINH DO HT+TK.dwg,Model,05/04/2022 3:43:00 PM,DELL,Gestetner MP 6002 PCL 6,A3 (297 x 420 mm),1:0.419842,
D:\1. CONG VIEC LCDI\CV 2022\4. QUAN NGO QUYEN\2. NGO 33 NGO QUYEN\2. THIET KE BVTC\1. THIET KE\1. BAN VE\1. NEN MAT NGO\1.BINH DO HT+TK.dwg,Model,05/04/2022 3:43:02 PM,DELL,Gestetner MP 6002 PCL 6,A3 (297 x 420 mm),1:0.419842,
D:\1. CONG VIEC LCDI\CV 2022\4. QUAN NGO QUYEN\2. NGO 33 NGO QUYEN\2. THIET KE BVTC\1. THIET KE\1. BAN VE\1. NEN MAT NGO\1.BINH DO HT+TK.dwg,Model,05/04/2022 3:43:04 PM,DELL,Gestetner MP 6002 PCL 6,A3 (297 x 420 mm),1:0.419842,
D:\1. CONG VIEC LCDI\CV 2022\4. QUAN NGO QUYEN\2. NGO 33 NGO QUYEN\2. THIET KE BVTC\1. THIET KE\1. BAN VE\1. NEN MAT NGO\1.BINH DO HT+TK.dwg,Model,05/04/2022 3:43:05 PM,DELL,Gestetner MP 6002 PCL 6,A3 (297 x 420 mm),1:0.419842,
D:\1. CONG VIEC LCDI\CV 2022\4. QUAN NGO QUYEN\2. NGO 33 NGO QUYEN\2. THIET KE BVTC\1. THIET KE\1. BAN VE\1. NEN MAT NGO\2.TRAC NGANG DIEN HINH.dwg,Model,05/04/2022 3:43:39 PM,DELL,Gestetner MP 6002 PCL 6,A3 (297 x 420 mm),1:24.5927,
D:\1. CONG VIEC LCDI\CV 2022\4. QUAN NGO QUYEN\2. NGO 33 NGO QUYEN\2. THIET KE BVTC\1. THIET KE\1. BAN VE\1. NEN MAT NGO\2.TRAC NGANG DIEN HINH.dwg,Model,05/04/2022 3:43:41 PM,DELL,Gestetner MP 6002 PCL 6,A3 (297 x 420 mm),1:26.6421,
D:\1. CONG VIEC LCDI\CV 2022\4. QUAN NGO QUYEN\2. NGO 33 NGO QUYEN\2. THIET KE BVTC\1. THIET KE\1. BAN VE\1. NEN MAT NGO\2.TRAC NGANG DIEN HINH.dwg,Model,05/04/2022 3:43:42 PM,DELL,Gestetner MP 6002 PCL 6,A3 (297 x 420 mm),1:20.4939,
D:\1. CONG VIEC LCDI\CV 2022\4. QUAN NGO QUYEN\2. NGO 33 NGO QUYEN\2. THIET KE BVTC\1. THIET KE\1. BAN VE\1. NEN MAT NGO\2.TRAC NGANG DIEN HINH.dwg,Model,05/04/2022 3:43:44 PM,DELL,Gestetner MP 6002 PCL 6,A3 (297 x 420 mm),1:20.4939,
D:\1. CONG VIEC LCDI\CV 2022\4. QUAN NGO QUYEN\2. NGO 33 NGO QUYEN\2. THIET KE BVTC\1. THIET KE\1. BAN VE\1. NEN MAT NGO\3.TD+TN CHI TIET.dwg,Model,05/04/2022 3:43:55 PM,DELL,Gestetner MP 6002 PCL 6,A3 (297 x 420 mm),1:0.839684,
D:\1. CONG VIEC LCDI\CV 2022\4. QUAN NGO QUYEN\2. NGO 33 NGO QUYEN\2. THIET KE BVTC\1. THIET KE\1. BAN VE\1. NEN MAT NGO\3.TD+TN CHI TIET.dwg,Model,05/04/2022 3:43:56 PM,DELL,Gestetner MP 6002 PCL 6,A3 (297 x 420 mm),1:0.209921,
D:\1. CONG VIEC LCDI\CV 2022\4. QUAN NGO QUYEN\2. NGO 33 NGO QUYEN\2. THIET KE BVTC\1. THIET KE\1. BAN VE\1. NEN MAT NGO\3.TD+TN CHI TIET.dwg,Model,05/04/2022 3:43:58 PM,DELL,Gestetner MP 6002 PCL 6,A3 (297 x 420 mm),1:0.209921,
D:\1. CONG VIEC LCDI\CV 2022\4. QUAN NGO QUYEN\2. NGO 33 NGO QUYEN\2. THIET KE BVTC\1. THIET KE\1. BAN VE\1. NEN MAT NGO\3.TD+TN CHI TIET.dwg,Model,05/04/2022 3:43:59 PM,DELL,Gestetner MP 6002 PCL 6,A3 (297 x 420 mm),1:0.209921,
D:\1. CONG VIEC LCDI\CV 2022\4. QUAN NGO QUYEN\2. NGO 33 NGO QUYEN\2. THIET KE BVTC\1. THIET KE\1. BAN VE\1. NEN MAT NGO\3.TD+TN CHI TIET.dwg,Model,05/04/2022 3:44:01 PM,DELL,Gestetner MP 6002 PCL 6,A3 (297 x 420 mm),1:0.209921,
D:\1. CONG VIEC LCDI\CV 2022\4. QUAN NGO QUYEN\2. NGO 33 NGO QUYEN\2. THIET KE BVTC\1. THIET KE\1. BAN VE\1. NEN MAT NGO\2.TRAC NGANG DIEN HINH.dwg,Model,05/04/2022 3:44:56 PM,DELL,Gestetner MP 6002 PCL 6,A3 (297 x 420 mm),1:20.4939,
D:\1. CONG VIEC LCDI\CV 2022\4. QUAN NGO QUYEN\2. NGO 33 NGO QUYEN\2. THIET KE BVTC\1. THIET KE\1. BAN VE\2. CAP THOAT NUOC\1.BINH DO HE THONG CTN.dwg,Model,05/04/2022 3:45:06 PM,DELL,Gestetner MP 6002 PCL 6,A3 (297 x 420 mm),1:0.251845,
D:\1. CONG VIEC LCDI\CV 2022\4. QUAN NGO QUYEN\2. NGO 33 NGO QUYEN\2. THIET KE BVTC\1. THIET KE\1. BAN VE\2. CAP THOAT NUOC\1.BINH DO HE THONG CTN.dwg,Model,05/04/2022 3:45:07 PM,DELL,Gestetner MP 6002 PCL 6,A3 (297 x 420 mm),1:0.419842,
D:\1. CONG VIEC LCDI\CV 2022\4. QUAN NGO QUYEN\2. NGO 33 NGO QUYEN\2. THIET KE BVTC\1. THIET KE\1. BAN VE\2. CAP THOAT NUOC\1.BINH DO HE THONG CTN.dwg,Model,05/04/2022 3:45:09 PM,DELL,Gestetner MP 6002 PCL 6,A3 (297 x 420 mm),1:0.419842,
D:\1. CONG VIEC LCDI\CV 2022\4. QUAN NGO QUYEN\2. NGO 33 NGO QUYEN\2. THIET KE BVTC\1. THIET KE\1. BAN VE\2. CAP THOAT NUOC\2.TRAC DOC THOAT NUOC.dwg,Model,05/04/2022 3:45:16 PM,DELL,Gestetner MP 6002 PCL 6,A3 (297 x 420 mm),1:0.839684,
D:\1. CONG VIEC LCDI\CV 2022\4. QUAN NGO QUYEN\2. NGO 33 NGO QUYEN\2. THIET KE BVTC\1. THIET KE\1. BAN VE\2. CAP THOAT NUOC\3.CHI TIET GA LOAI 1, 2.dwg,Model,05/04/2022 3:46:40 PM,DELL,Gestetner MP 6002 PCL 6,A3 (297 x 420 mm),1:26.2427,
D:\1. CONG VIEC LCDI\CV 2022\4. QUAN NGO QUYEN\2. NGO 33 NGO QUYEN\2. THIET KE BVTC\1. THIET KE\1. BAN VE\2. CAP THOAT NUOC\3.CHI TIET GA LOAI 1, 2.dwg,Model,05/04/2022 3:46:41 PM,DELL,Gestetner MP 6002 PCL 6,A3 (297 x 420 mm),1:20.9942,
D:\1. CONG VIEC LCDI\CV 2022\4. QUAN NGO QUYEN\2. NGO 33 NGO QUYEN\2. THIET KE BVTC\1. THIET KE\1. BAN VE\2. CAP THOAT NUOC\3.CHI TIET GA LOAI 1, 2.dwg,Model,05/04/2022 3:46:43 PM,DELL,Gestetner MP 6002 PCL 6,A3 (297 x 420 mm),1:20.9942,
D:\1. CONG VIEC LCDI\CV 2022\4. QUAN NGO QUYEN\2. NGO 33 NGO QUYEN\2. THIET KE BVTC\1. THIET KE\1. BAN VE\2. CAP THOAT NUOC\3.CHI TIET GA LOAI 1, 2.dwg,Model,05/04/2022 3:46:44 PM,DELL,Gestetner MP 6002 PCL 6,A3 (297 x 420 mm),1:20.9942,
D:\1. CONG VIEC LCDI\CV 2022\4. QUAN NGO QUYEN\2. NGO 33 NGO QUYEN\2. THIET KE BVTC\1. THIET KE\1. BAN VE\2. CAP THOAT NUOC\3.CHI TIET GA LOAI 1, 2.dwg,Model,05/04/2022 3:46:46 PM,DELL,Gestetner MP 6002 PCL 6,A3 (297 x 420 mm),1:20.9942,
D:\1. CONG VIEC LCDI\CV 2022\4. QUAN NGO QUYEN\2. NGO 33 NGO QUYEN\2. THIET KE BVTC\1. THIET KE\1. BAN VE\2. CAP THOAT NUOC\3.CHI TIET GA LOAI 1, 2.dwg,Model,05/04/2022 3:46:47 PM,DELL,Gestetner MP 6002 PCL 6,A3 (297 x 420 mm),1:20.9942,
D:\1. CONG VIEC LCDI\CV 2022\4. QUAN NGO QUYEN\2. NGO 33 NGO QUYEN\2. THIET KE BVTC\1. THIET KE\1. BAN VE\2. CAP THOAT NUOC\3.CHI TIET GA LOAI 1, 2.dwg,Model,05/04/2022 3:46:49 PM,DELL,Gestetner MP 6002 PCL 6,A3 (297 x 420 mm),1:20.4932,
D:\1. CONG VIEC LCDI\CV 2022\4. QUAN NGO QUYEN\2. NGO 33 NGO QUYEN\2. THIET KE BVTC\1. THIET KE\1. BAN VE\2. CAP THOAT NUOC\3.CHI TIET GA LOAI 1, 2.dwg,Model,05/04/2022 3:46:50 PM,DELL,Gestetner MP 6002 PCL 6,A3 (297 x 420 mm),1:20.4932,
D:\1. CONG VIEC LCDI\CV 2022\4. QUAN NGO QUYEN\2. NGO 33 NGO QUYEN\2. THIET KE BVTC\1. THIET KE\1. BAN VE\2. CAP THOAT NUOC\3.CHI TIET GA LOAI 1, 2.dwg,Model,05/04/2022 3:46:52 PM,DELL,Gestetner MP 6002 PCL 6,A3 (297 x 420 mm),1:20.4932,
D:\1. CONG VIEC LCDI\CV 2022\4. QUAN NGO QUYEN\2. NGO 33 NGO QUYEN\2. THIET KE BVTC\1. THIET KE\1. BAN VE\2. CAP THOAT NUOC\3.CHI TIET GA LOAI 1, 2.dwg,Model,05/04/2022 3:46:53 PM,DELL,Gestetner MP 6002 PCL 6,A3 (297 x 420 mm),1:20.4932,
D:\1. CONG VIEC LCDI\CV 2022\4. QUAN NGO QUYEN\2. NGO 33 NGO QUYEN\2. THIET KE BVTC\1. THIET KE\1. BAN VE\2. CAP THOAT NUOC\3.CHI TIET GA LOAI 1, 2.dwg,Model,05/04/2022 3:46:55 PM,DELL,Gestetner MP 6002 PCL 6,A3 (297 x 420 mm),1:20.4932,
D:\1. CONG VIEC LCDI\CV 2022\4. QUAN NGO QUYEN\2. NGO 33 NGO QUYEN\2. THIET KE BVTC\1. THIET KE\1. BAN VE\2. CAP THOAT NUOC\3.CHI TIET GA LOAI 1, 2.dwg,Model,05/04/2022 3:46:56 PM,DELL,Gestetner MP 6002 PCL 6,A3 (297 x 420 mm),1:20.4932,
C:\Users\DELL\OneDrive\1. CONG VIEC\3. NAM 2022\4. CUA HANG SALON O TO\2. BV CAP PHEP\1.TONG MAT BANG.dwg,Model,18/04/2022 3:09:57 PM,DELL,Gestetner MP 6002 PCL 6,A3 (297 x 420 mm),1:0.310585,
C:\Users\DELL\OneDrive\1. CONG VIEC\3. NAM 2022\4. CUA HANG SALON O TO\2. BV CAP PHEP\1.TONG MAT BANG.dwg,Model,18/04/2022 3:14:04 PM,DELL,Gestetner MP 6002 PCL 6,A3 (297 x 420 mm),1:0.310585,
D:\1. CONG VIEC LCDI\CV 2021\6. CHU HOAN\chu Hoan\ban ve.dwg,Model,18/04/2022 4:05:04 PM,DELL,Gestetner MP 6002 PCL 6,A4 (210 x 297 mm),1:0.297956,
D:\1. CONG VIEC LCDI\CV 2021\6. CHU HOAN\chu Hoan\ban ve.dwg,Model,18/04/2022 4:05:05 PM,DELL,Gestetner MP 6002 PCL 6,A4 (210 x 297 mm),1:0.297956,
D:\1. CONG VIEC LCDI\CV 2021\6. CHU HOAN\chu Hoan\ban ve.dwg,Model,18/04/2022 4:09:27 PM,DELL,Gestetner MP 6002 PCL 6,A4 (210 x 297 mm),1:0.297956,
D:\1. CONG VIEC LCDI\CV 2022\4. QUAN NGO QUYEN\2. NGO 33 NGO QUYEN\2. THIET KE BVTC\1. THIET KE\1. BAN VE\2. CAP THOAT NUOC\1.BINH DO HE THONG CTN.dwg,Model,30/05/2022 9:31:58 AM,DELL,Gestetner MP 6002 PCL 6,A3 (297 x 420 mm),1:0.251845,
D:\1. CONG VIEC LCDI\CV 2022\4. QUAN NGO QUYEN\2. NGO 33 NGO QUYEN\2. THIET KE BVTC\1. THIET KE\1. BAN VE\2. CAP THOAT NUOC\1.BINH DO HE THONG CTN.dwg,Model,30/05/2022 9:32:00 AM,DELL,Gestetner MP 6002 PCL 6,A3 (297 x 420 mm),1:0.419842,
D:\1. CONG VIEC LCDI\CV 2022\4. QUAN NGO QUYEN\2. NGO 33 NGO QUYEN\2. THIET KE BVTC\1. THIET KE\1. BAN VE\2. CAP THOAT NUOC\2.TRAC DOC THOAT NUOC.dwg,Model,30/05/2022 9:32:09 AM,DELL,Gestetner MP 6002 PCL 6,A3 (297 x 420 mm),1:0.839684,
D:\1. CONG VIEC LCDI\CV 2022\4. QUAN NGO QUYEN\2. NGO 33 NGO QUYEN\2. THIET KE BVTC\1. THIET KE\1. BAN VE\2. CAP THOAT NUOC\3.CHI TIET GA, CONG 500 400 300.dwg,Model,30/05/2022 9:32:20 AM,DELL,Gestetner MP 6002 PCL 6,A3 (297 x 420 mm),1:20.9942,
D:\1. CONG VIEC LCDI\CV 2022\4. QUAN NGO QUYEN\2. NGO 33 NGO QUYEN\2. THIET KE BVTC\1. THIET KE\1. BAN VE\2. CAP THOAT NUOC\3.CHI TIET GA, CONG 500 400 300.dwg,Model,30/05/2022 9:32:23 AM,DELL,Gestetner MP 6002 PCL 6,A3 (297 x 420 mm),1:20.9942,
D:\1. CONG VIEC LCDI\CV 2022\4. QUAN NGO QUYEN\2. NGO 33 NGO QUYEN\2. THIET KE BVTC\1. THIET KE\1. BAN VE\2. CAP THOAT NUOC\3.CHI TIET GA, CONG 500 400 300.dwg,Model,30/05/2022 9:32:25 AM,DELL,Gestetner MP 6002 PCL 6,A3 (297 x 420 mm),1:20.9942,
D:\1. CONG VIEC LCDI\CV 2022\4. QUAN NGO QUYEN\2. NGO 33 NGO QUYEN\2. THIET KE BVTC\1. THIET KE\1. BAN VE\2. CAP THOAT NUOC\3.CHI TIET GA, CONG 500 400 300.dwg,Model,30/05/2022 9:32:27 AM,DELL,Gestetner MP 6002 PCL 6,A3 (297 x 420 mm),1:26.2427,
D:\1. CONG VIEC LCDI\CV 2022\4. QUAN NGO QUYEN\2. NGO 33 NGO QUYEN\2. THIET KE BVTC\1. THIET KE\1. BAN VE\2. CAP THOAT NUOC\3.CHI TIET GA, CONG 500 400 300.dwg,Model,30/05/2022 9:32:29 AM,DELL,Gestetner MP 6002 PCL 6,A3 (297 x 420 mm),1:20.9942,
D:\1. CONG VIEC LCDI\CV 2022\4. QUAN NGO QUYEN\2. NGO 33 NGO QUYEN\2. THIET KE BVTC\1. THIET KE\1. BAN VE\2. CAP THOAT NUOC\3.CHI TIET GA, CONG 500 400 300.dwg,Model,30/05/2022 9:32:32 AM,DELL,Gestetner MP 6002 PCL 6,A3 (297 x 420 mm),1:20.9942,
D:\1. CONG VIEC LCDI\CV 2022\4. QUAN NGO QUYEN\2. NGO 33 NGO QUYEN\2. THIET KE BVTC\1. THIET KE\1. BAN VE\2. CAP THOAT NUOC\3.CHI TIET GA, CONG 500 400 300.dwg,Model,30/05/2022 9:32:34 AM,DELL,Gestetner MP 6002 PCL 6,A3 (297 x 420 mm),1:20.4932,
D:\1. CONG VIEC LCDI\CV 2022\4. QUAN NGO QUYEN\2. NGO 33 NGO QUYEN\2. THIET KE BVTC\1. THIET KE\1. BAN VE\2. CAP THOAT NUOC\3.CHI TIET GA, CONG 500 400 300.dwg,Model,30/05/2022 9:32:36 AM,DELL,Gestetner MP 6002 PCL 6,A3 (297 x 420 mm),1:20.4932,
D:\1. CONG VIEC LCDI\CV 2022\4. QUAN NGO QUYEN\2. NGO 33 NGO QUYEN\2. THIET KE BVTC\1. THIET KE\1. BAN VE\2. CAP THOAT NUOC\3.CHI TIET GA, CONG 500 400 300.dwg,Model,30/05/2022 9:32:38 AM,DELL,Gestetner MP 6002 PCL 6,A3 (297 x 420 mm),1:20.4932,
D:\1. CONG VIEC LCDI\CV 2022\4. QUAN NGO QUYEN\2. NGO 33 NGO QUYEN\2. THIET KE BVTC\1. THIET KE\1. BAN VE\2. CAP THOAT NUOC\3.CHI TIET GA, CONG 500 400 300.dwg,Model,30/05/2022 9:32:40 AM,DELL,Gestetner MP 6002 PCL 6,A3 (297 x 420 mm),1:20.4932,
D:\1. CONG VIEC LCDI\CV 2022\4. QUAN NGO QUYEN\2. NGO 33 NGO QUYEN\2. THIET KE BVTC\1. THIET KE\1. BAN VE\2. CAP THOAT NUOC\3.CHI TIET GA, CONG 500 400 300.dwg,Model,30/05/2022 9:32:42 AM,DELL,Gestetner MP 6002 PCL 6,A3 (297 x 420 mm),1:20.4932,
D:\1. CONG VIEC LCDI\CV 2022\4. QUAN NGO QUYEN\2. NGO 33 NGO QUYEN\2. THIET KE BVTC\1. THIET KE\1. BAN VE\2. CAP THOAT NUOC\3.CHI TIET GA, CONG 500 400 300.dwg,Model,30/05/2022 9:32:44 AM,DELL,Gestetner MP 6002 PCL 6,A3 (297 x 420 mm),1:20.4932,
