D:\1. CONG VIEC LCDI\CV 2022\4. QUAN NGO QUYEN\2. NGO 33 NGO QUYEN\2. THIET KE BVTC\1. THIET KE\1. BAN VE\1.Bìa BV-fix.dwg,Model,18/04/2022 8:06:57 AM,DELL,Gestetner MP 6002 PCL 6,A3 (297 x 420 mm),1:0.439221,
D:\1. CONG VIEC LCDI\CV 2022\4. QUAN NGO QUYEN\2. NGO 33 NGO QUYEN\2. THIET KE BVTC\1. THIET KE\1. BAN VE\1. NEN MAT NGO\1.BINH DO HT+TK.dwg,Model,18/04/2022 8:07:07 AM,DELL,Gestetner MP 6002 PCL 6,A3 (297 x 420 mm),1:0.251845,
D:\1. CONG VIEC LCDI\CV 2022\4. QUAN NGO QUYEN\2. NGO 33 NGO QUYEN\2. THIET KE BVTC\1. THIET KE\1. BAN VE\1. NEN MAT NGO\1.BINH DO HT+TK.dwg,Model,18/04/2022 8:07:08 AM,DELL,Gestetner MP 6002 PCL 6,A3 (297 x 420 mm),1:0.419842,
D:\1. CONG VIEC LCDI\CV 2022\4. QUAN NGO QUYEN\2. NGO 33 NGO QUYEN\2. THIET KE BVTC\1. THIET KE\1. BAN VE\1. NEN MAT NGO\1.BINH DO HT+TK.dwg,Model,18/04/2022 8:07:09 AM,DELL,Gestetner MP 6002 PCL 6,A3 (297 x 420 mm),1:0.419842,
D:\1. CONG VIEC LCDI\CV 2022\4. QUAN NGO QUYEN\2. NGO 33 NGO QUYEN\2. THIET KE BVTC\1. THIET KE\1. BAN VE\1. NEN MAT NGO\1.BINH DO HT+TK.dwg,Model,18/04/2022 8:07:11 AM,DELL,Gestetner MP 6002 PCL 6,A3 (297 x 420 mm),1:0.419842,
D:\1. CONG VIEC LCDI\CV 2022\4. QUAN NGO QUYEN\2. NGO 33 NGO QUYEN\2. THIET KE BVTC\1. THIET KE\1. BAN VE\1. NEN MAT NGO\1.BINH DO HT+TK.dwg,Model,18/04/2022 8:07:13 AM,DELL,Gestetner MP 6002 PCL 6,A3 (297 x 420 mm),1:0.419842,
D:\1. CONG VIEC LCDI\CV 2022\4. QUAN NGO QUYEN\2. NGO 33 NGO QUYEN\2. THIET KE BVTC\1. THIET KE\1. BAN VE\1. NEN MAT NGO\2.TRAC NGANG DIEN HINH.dwg,Model,18/04/2022 8:07:21 AM,DELL,Gestetner MP 6002 PCL 6,A3 (297 x 420 mm),1:24.5927,
D:\1. CONG VIEC LCDI\CV 2022\4. QUAN NGO QUYEN\2. NGO 33 NGO QUYEN\2. THIET KE BVTC\1. THIET KE\1. BAN VE\1. NEN MAT NGO\2.TRAC NGANG DIEN HINH.dwg,Model,18/04/2022 8:07:23 AM,DELL,Gestetner MP 6002 PCL 6,A3 (297 x 420 mm),1:26.6421,
D:\1. CONG VIEC LCDI\CV 2022\4. QUAN NGO QUYEN\2. NGO 33 NGO QUYEN\2. THIET KE BVTC\1. THIET KE\1. BAN VE\1. NEN MAT NGO\2.TRAC NGANG DIEN HINH.dwg,Model,18/04/2022 8:07:24 AM,DELL,Gestetner MP 6002 PCL 6,A3 (297 x 420 mm),1:20.4939,
D:\1. CONG VIEC LCDI\CV 2022\4. QUAN NGO QUYEN\2. NGO 33 NGO QUYEN\2. THIET KE BVTC\1. THIET KE\1. BAN VE\1. NEN MAT NGO\2.TRAC NGANG DIEN HINH.dwg,Model,18/04/2022 8:07:26 AM,DELL,Gestetner MP 6002 PCL 6,A3 (297 x 420 mm),1:20.4939,
D:\1. CONG VIEC LCDI\CV 2022\4. QUAN NGO QUYEN\2. NGO 33 NGO QUYEN\2. THIET KE BVTC\1. THIET KE\1. BAN VE\1. NEN MAT NGO\3.TD+TN CHI TIET.dwg,Model,18/04/2022 8:07:37 AM,DELL,Gestetner MP 6002 PCL 6,A3 (297 x 420 mm),1:0.839684,
D:\1. CONG VIEC LCDI\CV 2022\4. QUAN NGO QUYEN\2. NGO 33 NGO QUYEN\2. THIET KE BVTC\1. THIET KE\1. BAN VE\1. NEN MAT NGO\3.TD+TN CHI TIET.dwg,Model,18/04/2022 8:07:41 AM,DELL,Gestetner MP 6002 PCL 6,A3 (297 x 420 mm),1:0.209921,
D:\1. CONG VIEC LCDI\CV 2022\4. QUAN NGO QUYEN\2. NGO 33 NGO QUYEN\2. THIET KE BVTC\1. THIET KE\1. BAN VE\1. NEN MAT NGO\3.TD+TN CHI TIET.dwg,Model,18/04/2022 8:07:43 AM,DELL,Gestetner MP 6002 PCL 6,A3 (297 x 420 mm),1:0.209921,
D:\1. CONG VIEC LCDI\CV 2022\4. QUAN NGO QUYEN\2. NGO 33 NGO QUYEN\2. THIET KE BVTC\1. THIET KE\1. BAN VE\1. NEN MAT NGO\3.TD+TN CHI TIET.dwg,Model,18/04/2022 8:07:44 AM,DELL,Gestetner MP 6002 PCL 6,A3 (297 x 420 mm),1:0.209921,
D:\1. CONG VIEC LCDI\CV 2022\4. QUAN NGO QUYEN\2. NGO 33 NGO QUYEN\2. THIET KE BVTC\1. THIET KE\1. BAN VE\1. NEN MAT NGO\3.TD+TN CHI TIET.dwg,Model,18/04/2022 8:07:46 AM,DELL,Gestetner MP 6002 PCL 6,A3 (297 x 420 mm),1:0.209921,
D:\1. CONG VIEC LCDI\CV 2022\4. QUAN NGO QUYEN\2. NGO 33 NGO QUYEN\2. THIET KE BVTC\1. THIET KE\1. BAN VE\2. CAP THOAT NUOC\1.BINH DO HE THONG CTN.dwg,Model,18/04/2022 8:07:55 AM,DELL,Gestetner MP 6002 PCL 6,A3 (297 x 420 mm),1:0.251845,
D:\1. CONG VIEC LCDI\CV 2022\4. QUAN NGO QUYEN\2. NGO 33 NGO QUYEN\2. THIET KE BVTC\1. THIET KE\1. BAN VE\2. CAP THOAT NUOC\1.BINH DO HE THONG CTN.dwg,Model,18/04/2022 8:07:57 AM,DELL,Gestetner MP 6002 PCL 6,A3 (297 x 420 mm),1:0.419842,
D:\1. CONG VIEC LCDI\CV 2022\4. QUAN NGO QUYEN\2. NGO 33 NGO QUYEN\2. THIET KE BVTC\1. THIET KE\1. BAN VE\2. CAP THOAT NUOC\2.TRAC DOC THOAT NUOC.dwg,Model,18/04/2022 8:08:03 AM,DELL,Gestetner MP 6002 PCL 6,A3 (297 x 420 mm),1:0.839684,
D:\1. CONG VIEC LCDI\CV 2022\4. QUAN NGO QUYEN\2. NGO 33 NGO QUYEN\2. THIET KE BVTC\1. THIET KE\1. BAN VE\2. CAP THOAT NUOC\3.CHI TIET GA, CONG 500 400 300.dwg,Model,18/04/2022 8:08:16 AM,DELL,Gestetner MP 6002 PCL 6,A3 (297 x 420 mm),1:20.9942,
D:\1. CONG VIEC LCDI\CV 2022\4. QUAN NGO QUYEN\2. NGO 33 NGO QUYEN\2. THIET KE BVTC\1. THIET KE\1. BAN VE\2. CAP THOAT NUOC\3.CHI TIET GA, CONG 500 400 300.dwg,Model,18/04/2022 8:08:18 AM,DELL,Gestetner MP 6002 PCL 6,A3 (297 x 420 mm),1:20.9942,
D:\1. CONG VIEC LCDI\CV 2022\4. QUAN NGO QUYEN\2. NGO 33 NGO QUYEN\2. THIET KE BVTC\1. THIET KE\1. BAN VE\2. CAP THOAT NUOC\3.CHI TIET GA, CONG 500 400 300.dwg,Model,18/04/2022 8:08:20 AM,DELL,Gestetner MP 6002 PCL 6,A3 (297 x 420 mm),1:20.9942,
D:\1. CONG VIEC LCDI\CV 2022\4. QUAN NGO QUYEN\2. NGO 33 NGO QUYEN\2. THIET KE BVTC\1. THIET KE\1. BAN VE\2. CAP THOAT NUOC\3.CHI TIET GA, CONG 500 400 300.dwg,Model,18/04/2022 8:08:21 AM,DELL,Gestetner MP 6002 PCL 6,A3 (297 x 420 mm),1:26.2427,
D:\1. CONG VIEC LCDI\CV 2022\4. QUAN NGO QUYEN\2. NGO 33 NGO QUYEN\2. THIET KE BVTC\1. THIET KE\1. BAN VE\2. CAP THOAT NUOC\3.CHI TIET GA, CONG 500 400 300.dwg,Model,18/04/2022 8:08:23 AM,DELL,Gestetner MP 6002 PCL 6,A3 (297 x 420 mm),1:20.9942,
D:\1. CONG VIEC LCDI\CV 2022\4. QUAN NGO QUYEN\2. NGO 33 NGO QUYEN\2. THIET KE BVTC\1. THIET KE\1. BAN VE\2. CAP THOAT NUOC\3.CHI TIET GA, CONG 500 400 300.dwg,Model,18/04/2022 8:08:24 AM,DELL,Gestetner MP 6002 PCL 6,A3 (297 x 420 mm),1:20.9942,
D:\1. CONG VIEC LCDI\CV 2022\4. QUAN NGO QUYEN\2. NGO 33 NGO QUYEN\2. THIET KE BVTC\1. THIET KE\1. BAN VE\2. CAP THOAT NUOC\3.CHI TIET GA, CONG 500 400 300.dwg,Model,18/04/2022 8:08:26 AM,DELL,Gestetner MP 6002 PCL 6,A3 (297 x 420 mm),1:20.4932,
D:\1. CONG VIEC LCDI\CV 2022\4. QUAN NGO QUYEN\2. NGO 33 NGO QUYEN\2. THIET KE BVTC\1. THIET KE\1. BAN VE\2. CAP THOAT NUOC\3.CHI TIET GA, CONG 500 400 300.dwg,Model,18/04/2022 8:08:27 AM,DELL,Gestetner MP 6002 PCL 6,A3 (297 x 420 mm),1:20.4932,
D:\1. CONG VIEC LCDI\CV 2022\4. QUAN NGO QUYEN\2. NGO 33 NGO QUYEN\2. THIET KE BVTC\1. THIET KE\1. BAN VE\2. CAP THOAT NUOC\3.CHI TIET GA, CONG 500 400 300.dwg,Model,18/04/2022 8:08:29 AM,DELL,Gestetner MP 6002 PCL 6,A3 (297 x 420 mm),1:20.4932,
D:\1. CONG VIEC LCDI\CV 2022\4. QUAN NGO QUYEN\2. NGO 33 NGO QUYEN\2. THIET KE BVTC\1. THIET KE\1. BAN VE\2. CAP THOAT NUOC\3.CHI TIET GA, CONG 500 400 300.dwg,Model,18/04/2022 8:08:30 AM,DELL,Gestetner MP 6002 PCL 6,A3 (297 x 420 mm),1:20.4932,
D:\1. CONG VIEC LCDI\CV 2022\4. QUAN NGO QUYEN\2. NGO 33 NGO QUYEN\2. THIET KE BVTC\1. THIET KE\1. BAN VE\2. CAP THOAT NUOC\3.CHI TIET GA, CONG 500 400 300.dwg,Model,18/04/2022 8:08:32 AM,DELL,Gestetner MP 6002 PCL 6,A3 (297 x 420 mm),1:20.4932,
D:\1. CONG VIEC LCDI\CV 2022\4. QUAN NGO QUYEN\2. NGO 33 NGO QUYEN\2. THIET KE BVTC\1. THIET KE\1. BAN VE\2. CAP THOAT NUOC\3.CHI TIET GA, CONG 500 400 300.dwg,Model,18/04/2022 8:08:33 AM,DELL,Gestetner MP 6002 PCL 6,A3 (297 x 420 mm),1:20.4932,
D:\1. CONG VIEC LCDI\CV 2022\4. QUAN NGO QUYEN\3. NGO 384 LACH TRAY\2. THIET KE BVTC\1. THIET KE\1.Bìa BV-fix.dwg,Model,18/04/2022 8:12:53 AM,DELL,Gestetner MP 6002 PCL 6,A3 (297 x 420 mm),1:0.439221,
D:\1. CONG VIEC LCDI\CV 2022\4. QUAN NGO QUYEN\3. NGO 384 LACH TRAY\2. THIET KE BVTC\1. THIET KE\2. BAN VE - SUA\1. NEN MAT NGO\2. TRAC NGANG DIEN HINH.dwg,Model,18/04/2022 8:13:01 AM,DELL,Gestetner MP 6002 PCL 6,A3 (297 x 420 mm),1:24.5927,
D:\1. CONG VIEC LCDI\CV 2022\4. QUAN NGO QUYEN\3. NGO 384 LACH TRAY\2. THIET KE BVTC\1. THIET KE\2. BAN VE - SUA\1. NEN MAT NGO\2. TRAC NGANG DIEN HINH.dwg,Model,18/04/2022 8:13:02 AM,DELL,Gestetner MP 6002 PCL 6,A3 (297 x 420 mm),1:24.5927,
D:\1. CONG VIEC LCDI\CV 2022\4. QUAN NGO QUYEN\3. NGO 384 LACH TRAY\2. THIET KE BVTC\1. THIET KE\2. BAN VE - SUA\1. NEN MAT NGO\2. TRAC NGANG DIEN HINH.dwg,Model,18/04/2022 8:13:04 AM,DELL,Gestetner MP 6002 PCL 6,A3 (297 x 420 mm),1:20.4939,
D:\1. CONG VIEC LCDI\CV 2022\4. QUAN NGO QUYEN\3. NGO 384 LACH TRAY\2. THIET KE BVTC\1. THIET KE\2. BAN VE - SUA\1. NEN MAT NGO\2. TRAC NGANG DIEN HINH.dwg,Model,18/04/2022 8:13:05 AM,DELL,Gestetner MP 6002 PCL 6,A3 (297 x 420 mm),1:20.4939,
D:\1. CONG VIEC LCDI\CV 2022\4. QUAN NGO QUYEN\3. NGO 384 LACH TRAY\2. THIET KE BVTC\1. THIET KE\2. BAN VE - SUA\1. NEN MAT NGO\2. TRAC NGANG DIEN HINH.dwg,Model,18/04/2022 8:13:09 AM,DELL,Gestetner MP 6002 PCL 6,A3 (297 x 420 mm),1:20.4939,
D:\1. CONG VIEC LCDI\CV 2022\4. QUAN NGO QUYEN\3. NGO 384 LACH TRAY\2. THIET KE BVTC\1. THIET KE\2. BAN VE - SUA\1. NEN MAT NGO\3.TD+TN CHI TIET TUYEN 1.dwg,Model,18/04/2022 8:13:18 AM,DELL,Gestetner MP 6002 PCL 6,A3 (297 x 420 mm),1:1.15457,
D:\1. CONG VIEC LCDI\CV 2022\4. QUAN NGO QUYEN\3. NGO 384 LACH TRAY\2. THIET KE BVTC\1. THIET KE\2. BAN VE - SUA\1. NEN MAT NGO\3.TD+TN CHI TIET TUYEN 1.dwg,Model,18/04/2022 8:13:20 AM,DELL,Gestetner MP 6002 PCL 6,A3 (297 x 420 mm),1:0.209921,
D:\1. CONG VIEC LCDI\CV 2022\4. QUAN NGO QUYEN\3. NGO 384 LACH TRAY\2. THIET KE BVTC\1. THIET KE\2. BAN VE - SUA\1. NEN MAT NGO\3.TD+TN CHI TIET TUYEN 1.dwg,Model,18/04/2022 8:13:21 AM,DELL,Gestetner MP 6002 PCL 6,A3 (297 x 420 mm),1:0.209921,
D:\1. CONG VIEC LCDI\CV 2022\4. QUAN NGO QUYEN\3. NGO 384 LACH TRAY\2. THIET KE BVTC\1. THIET KE\2. BAN VE - SUA\1. NEN MAT NGO\3.TD+TN CHI TIET TUYEN 1.dwg,Model,18/04/2022 8:13:23 AM,DELL,Gestetner MP 6002 PCL 6,A3 (297 x 420 mm),1:0.209921,
D:\1. CONG VIEC LCDI\CV 2022\4. QUAN NGO QUYEN\3. NGO 384 LACH TRAY\2. THIET KE BVTC\1. THIET KE\2. BAN VE - SUA\1. NEN MAT NGO\3.TD+TN CHI TIET TUYEN 1.dwg,Model,18/04/2022 8:13:24 AM,DELL,Gestetner MP 6002 PCL 6,A3 (297 x 420 mm),1:0.209921,
D:\1. CONG VIEC LCDI\CV 2022\4. QUAN NGO QUYEN\3. NGO 384 LACH TRAY\2. THIET KE BVTC\1. THIET KE\2. BAN VE - SUA\1. NEN MAT NGO\3.TD+TN CHI TIET TUYEN 1.dwg,Model,18/04/2022 8:13:25 AM,DELL,Gestetner MP 6002 PCL 6,A3 (297 x 420 mm),1:0.209921,
D:\1. CONG VIEC LCDI\CV 2022\4. QUAN NGO QUYEN\3. NGO 384 LACH TRAY\2. THIET KE BVTC\1. THIET KE\2. BAN VE - SUA\1. NEN MAT NGO\3.TD+TN CHI TIET TUYEN 1.dwg,Model,18/04/2022 8:13:27 AM,DELL,Gestetner MP 6002 PCL 6,A3 (297 x 420 mm),1:0.209921,
D:\1. CONG VIEC LCDI\CV 2022\4. QUAN NGO QUYEN\3. NGO 384 LACH TRAY\2. THIET KE BVTC\1. THIET KE\2. BAN VE - SUA\1. NEN MAT NGO\4. TD+TN CHI TIET TUYEN 2...8.dwg,Model,18/04/2022 8:13:45 AM,DELL,Gestetner MP 6002 PCL 6,A3 (297 x 420 mm),1:0.839752,
D:\1. CONG VIEC LCDI\CV 2022\4. QUAN NGO QUYEN\3. NGO 384 LACH TRAY\2. THIET KE BVTC\1. THIET KE\2. BAN VE - SUA\1. NEN MAT NGO\4. TD+TN CHI TIET TUYEN 2...8.dwg,Model,18/04/2022 8:13:47 AM,DELL,Gestetner MP 6002 PCL 6,A3 (297 x 420 mm),1:0.209921,
D:\1. CONG VIEC LCDI\CV 2022\4. QUAN NGO QUYEN\3. NGO 384 LACH TRAY\2. THIET KE BVTC\1. THIET KE\2. BAN VE - SUA\1. NEN MAT NGO\4. TD+TN CHI TIET TUYEN 2...8.dwg,Model,18/04/2022 8:13:48 AM,DELL,Gestetner MP 6002 PCL 6,A3 (297 x 420 mm),1:0.209921,
D:\1. CONG VIEC LCDI\CV 2022\4. QUAN NGO QUYEN\3. NGO 384 LACH TRAY\2. THIET KE BVTC\1. THIET KE\2. BAN VE - SUA\1. NEN MAT NGO\4. TD+TN CHI TIET TUYEN 2...8.dwg,Model,18/04/2022 8:13:50 AM,DELL,Gestetner MP 6002 PCL 6,A3 (297 x 420 mm),1:0.839752,
D:\1. CONG VIEC LCDI\CV 2022\4. QUAN NGO QUYEN\3. NGO 384 LACH TRAY\2. THIET KE BVTC\1. THIET KE\2. BAN VE - SUA\1. NEN MAT NGO\4. TD+TN CHI TIET TUYEN 2...8.dwg,Model,18/04/2022 8:13:51 AM,DELL,Gestetner MP 6002 PCL 6,A3 (297 x 420 mm),1:0.209921,
D:\1. CONG VIEC LCDI\CV 2022\4. QUAN NGO QUYEN\3. NGO 384 LACH TRAY\2. THIET KE BVTC\1. THIET KE\2. BAN VE - SUA\1. NEN MAT NGO\4. TD+TN CHI TIET TUYEN 2...8.dwg,Model,18/04/2022 8:13:52 AM,DELL,Gestetner MP 6002 PCL 6,A3 (297 x 420 mm),1:0.209921,
D:\1. CONG VIEC LCDI\CV 2022\4. QUAN NGO QUYEN\3. NGO 384 LACH TRAY\2. THIET KE BVTC\1. THIET KE\2. BAN VE - SUA\1. NEN MAT NGO\4. TD+TN CHI TIET TUYEN 2...8.dwg,Model,18/04/2022 8:13:54 AM,DELL,Gestetner MP 6002 PCL 6,A3 (297 x 420 mm),1:0.839752,
D:\1. CONG VIEC LCDI\CV 2022\4. QUAN NGO QUYEN\3. NGO 384 LACH TRAY\2. THIET KE BVTC\1. THIET KE\2. BAN VE - SUA\1. NEN MAT NGO\4. TD+TN CHI TIET TUYEN 2...8.dwg,Model,18/04/2022 8:13:55 AM,DELL,Gestetner MP 6002 PCL 6,A3 (297 x 420 mm),1:0.209921,
D:\1. CONG VIEC LCDI\CV 2022\4. QUAN NGO QUYEN\3. NGO 384 LACH TRAY\2. THIET KE BVTC\1. THIET KE\2. BAN VE - SUA\1. NEN MAT NGO\4. TD+TN CHI TIET TUYEN 2...8.dwg,Model,18/04/2022 8:13:56 AM,DELL,Gestetner MP 6002 PCL 6,A3 (297 x 420 mm),1:0.209921,
D:\1. CONG VIEC LCDI\CV 2022\4. QUAN NGO QUYEN\3. NGO 384 LACH TRAY\2. THIET KE BVTC\1. THIET KE\2. BAN VE - SUA\1. NEN MAT NGO\4. TD+TN CHI TIET TUYEN 2...8.dwg,Model,18/04/2022 8:13:58 AM,DELL,Gestetner MP 6002 PCL 6,A3 (297 x 420 mm),1:0.839752,
D:\1. CONG VIEC LCDI\CV 2022\4. QUAN NGO QUYEN\3. NGO 384 LACH TRAY\2. THIET KE BVTC\1. THIET KE\2. BAN VE - SUA\1. NEN MAT NGO\4. TD+TN CHI TIET TUYEN 2...8.dwg,Model,18/04/2022 8:13:59 AM,DELL,Gestetner MP 6002 PCL 6,A3 (297 x 420 mm),1:0.209921,
D:\1. CONG VIEC LCDI\CV 2022\4. QUAN NGO QUYEN\3. NGO 384 LACH TRAY\2. THIET KE BVTC\1. THIET KE\2. BAN VE - SUA\1. NEN MAT NGO\4. TD+TN CHI TIET TUYEN 2...8.dwg,Model,18/04/2022 8:14:01 AM,DELL,Gestetner MP 6002 PCL 6,A3 (297 x 420 mm),1:0.209921,
D:\1. CONG VIEC LCDI\CV 2022\4. QUAN NGO QUYEN\3. NGO 384 LACH TRAY\2. THIET KE BVTC\1. THIET KE\2. BAN VE - SUA\1. NEN MAT NGO\4. TD+TN CHI TIET TUYEN 2...8.dwg,Model,18/04/2022 8:14:02 AM,DELL,Gestetner MP 6002 PCL 6,A3 (297 x 420 mm),1:0.209921,
D:\1. CONG VIEC LCDI\CV 2022\4. QUAN NGO QUYEN\3. NGO 384 LACH TRAY\2. THIET KE BVTC\1. THIET KE\2. BAN VE - SUA\1. NEN MAT NGO\4. TD+TN CHI TIET TUYEN 2...8.dwg,Model,18/04/2022 8:14:04 AM,DELL,Gestetner MP 6002 PCL 6,A3 (297 x 420 mm),1:0.839752,
D:\1. CONG VIEC LCDI\CV 2022\4. QUAN NGO QUYEN\3. NGO 384 LACH TRAY\2. THIET KE BVTC\1. THIET KE\2. BAN VE - SUA\1. NEN MAT NGO\4. TD+TN CHI TIET TUYEN 2...8.dwg,Model,18/04/2022 8:14:05 AM,DELL,Gestetner MP 6002 PCL 6,A3 (297 x 420 mm),1:0.209921,
D:\1. CONG VIEC LCDI\CV 2022\4. QUAN NGO QUYEN\3. NGO 384 LACH TRAY\2. THIET KE BVTC\1. THIET KE\2. BAN VE - SUA\1. NEN MAT NGO\4. TD+TN CHI TIET TUYEN 2...8.dwg,Model,18/04/2022 8:14:06 AM,DELL,Gestetner MP 6002 PCL 6,A3 (297 x 420 mm),1:0.839752,
D:\1. CONG VIEC LCDI\CV 2022\4. QUAN NGO QUYEN\3. NGO 384 LACH TRAY\2. THIET KE BVTC\1. THIET KE\2. BAN VE - SUA\1. NEN MAT NGO\4. TD+TN CHI TIET TUYEN 2...8.dwg,Model,18/04/2022 8:14:08 AM,DELL,Gestetner MP 6002 PCL 6,A3 (297 x 420 mm),1:0.209921,
D:\1. CONG VIEC LCDI\CV 2022\4. QUAN NGO QUYEN\3. NGO 384 LACH TRAY\2. THIET KE BVTC\1. THIET KE\2. BAN VE - SUA\1. NEN MAT NGO\4. TD+TN CHI TIET TUYEN 2...8.dwg,Model,18/04/2022 8:14:09 AM,DELL,Gestetner MP 6002 PCL 6,A3 (297 x 420 mm),1:0.209921,
D:\1. CONG VIEC LCDI\CV 2022\4. QUAN NGO QUYEN\3. NGO 384 LACH TRAY\2. THIET KE BVTC\1. THIET KE\2. BAN VE - SUA\1. NEN MAT NGO\4. TD+TN CHI TIET TUYEN 2...8.dwg,Model,18/04/2022 8:14:11 AM,DELL,Gestetner MP 6002 PCL 6,A3 (297 x 420 mm),1:0.839752,
D:\1. CONG VIEC LCDI\CV 2022\4. QUAN NGO QUYEN\3. NGO 384 LACH TRAY\2. THIET KE BVTC\1. THIET KE\2. BAN VE - SUA\1. NEN MAT NGO\4. TD+TN CHI TIET TUYEN 2...8.dwg,Model,18/04/2022 8:14:12 AM,DELL,Gestetner MP 6002 PCL 6,A3 (297 x 420 mm),1:0.209921,
D:\1. CONG VIEC LCDI\CV 2022\4. QUAN NGO QUYEN\3. NGO 384 LACH TRAY\2. THIET KE BVTC\1. THIET KE\2. BAN VE - SUA\1. NEN MAT NGO\4. TD+TN CHI TIET TUYEN 2...8.dwg,Model,18/04/2022 8:14:13 AM,DELL,Gestetner MP 6002 PCL 6,A3 (297 x 420 mm),1:0.209921,
D:\1. CONG VIEC LCDI\CV 2022\4. QUAN NGO QUYEN\3. NGO 384 LACH TRAY\2. THIET KE BVTC\1. THIET KE\2. BAN VE - SUA\2. CAP THOAT NUOC\2.TRAC DOC THOAT NUOC TUYEN 1.dwg,Model,18/04/2022 8:19:51 AM,DELL,Gestetner MP 6002 PCL 6,A3 (297 x 420 mm),1:1.15457,
D:\1. CONG VIEC LCDI\CV 2022\4. QUAN NGO QUYEN\3. NGO 384 LACH TRAY\2. THIET KE BVTC\1. THIET KE\2. BAN VE - SUA\2. CAP THOAT NUOC\3. TRAC DOC THOAT NUOC TUYEN 2...8.dwg,Model,18/04/2022 8:19:58 AM,DELL,Gestetner MP 6002 PCL 6,A3 (297 x 420 mm),1:0.839752,
D:\1. CONG VIEC LCDI\CV 2022\4. QUAN NGO QUYEN\3. NGO 384 LACH TRAY\2. THIET KE BVTC\1. THIET KE\2. BAN VE - SUA\2. CAP THOAT NUOC\3. TRAC DOC THOAT NUOC TUYEN 2...8.dwg,Model,18/04/2022 8:20:00 AM,DELL,Gestetner MP 6002 PCL 6,A3 (297 x 420 mm),1:0.839752,
D:\1. CONG VIEC LCDI\CV 2022\4. QUAN NGO QUYEN\3. NGO 384 LACH TRAY\2. THIET KE BVTC\1. THIET KE\2. BAN VE - SUA\2. CAP THOAT NUOC\3. TRAC DOC THOAT NUOC TUYEN 2...8.dwg,Model,18/04/2022 8:20:01 AM,DELL,Gestetner MP 6002 PCL 6,A3 (297 x 420 mm),1:0.839752,
D:\1. CONG VIEC LCDI\CV 2022\4. QUAN NGO QUYEN\3. NGO 384 LACH TRAY\2. THIET KE BVTC\1. THIET KE\2. BAN VE - SUA\2. CAP THOAT NUOC\4. CHI TIET GA, CONG.dwg,Model,18/04/2022 8:20:10 AM,DELL,Gestetner MP 6002 PCL 6,A3 (297 x 420 mm),1:31.4906,
D:\1. CONG VIEC LCDI\CV 2022\4. QUAN NGO QUYEN\3. NGO 384 LACH TRAY\2. THIET KE BVTC\1. THIET KE\2. BAN VE - SUA\2. CAP THOAT NUOC\4. CHI TIET GA, CONG.dwg,Model,18/04/2022 8:20:12 AM,DELL,Gestetner MP 6002 PCL 6,A3 (297 x 420 mm),1:20.9938,
D:\1. CONG VIEC LCDI\CV 2022\4. QUAN NGO QUYEN\3. NGO 384 LACH TRAY\2. THIET KE BVTC\1. THIET KE\2. BAN VE - SUA\2. CAP THOAT NUOC\4. CHI TIET GA, CONG.dwg,Model,18/04/2022 8:20:14 AM,DELL,Gestetner MP 6002 PCL 6,A3 (297 x 420 mm),1:24.5918,
D:\1. CONG VIEC LCDI\CV 2022\4. QUAN NGO QUYEN\3. NGO 384 LACH TRAY\2. THIET KE BVTC\1. THIET KE\2. BAN VE - SUA\2. CAP THOAT NUOC\4. CHI TIET GA, CONG.dwg,Model,18/04/2022 8:20:16 AM,DELL,Gestetner MP 6002 PCL 6,A3 (297 x 420 mm),1:20.4932,
D:\1. CONG VIEC LCDI\CV 2022\4. QUAN NGO QUYEN\3. NGO 384 LACH TRAY\2. THIET KE BVTC\1. THIET KE\2. BAN VE - SUA\2. CAP THOAT NUOC\4. CHI TIET GA, CONG.dwg,Model,18/04/2022 8:20:18 AM,DELL,Gestetner MP 6002 PCL 6,A3 (297 x 420 mm),1:20.9938,
D:\1. CONG VIEC LCDI\CV 2022\4. QUAN NGO QUYEN\3. NGO 384 LACH TRAY\2. THIET KE BVTC\1. THIET KE\2. BAN VE - SUA\2. CAP THOAT NUOC\4. CHI TIET GA, CONG.dwg,Model,18/04/2022 8:20:20 AM,DELL,Gestetner MP 6002 PCL 6,A3 (297 x 420 mm),1:20.9938,
D:\1. CONG VIEC LCDI\CV 2022\4. QUAN NGO QUYEN\3. NGO 384 LACH TRAY\2. THIET KE BVTC\1. THIET KE\2. BAN VE - SUA\2. CAP THOAT NUOC\4. CHI TIET GA, CONG.dwg,Model,18/04/2022 8:20:22 AM,DELL,Gestetner MP 6002 PCL 6,A3 (297 x 420 mm),1:20.9938,
D:\1. CONG VIEC LCDI\CV 2022\4. QUAN NGO QUYEN\3. NGO 384 LACH TRAY\2. THIET KE BVTC\1. THIET KE\2. BAN VE - SUA\2. CAP THOAT NUOC\4. CHI TIET GA, CONG.dwg,Model,18/04/2022 8:20:23 AM,DELL,Gestetner MP 6002 PCL 6,A3 (297 x 420 mm),1:21.932,
D:\1. CONG VIEC LCDI\CV 2022\4. QUAN NGO QUYEN\3. NGO 384 LACH TRAY\2. THIET KE BVTC\1. THIET KE\2. BAN VE - SUA\2. CAP THOAT NUOC\4. CHI TIET GA, CONG.dwg,Model,18/04/2022 8:20:25 AM,DELL,Gestetner MP 6002 PCL 6,A3 (297 x 420 mm),1:20.4932,
D:\1. CONG VIEC LCDI\CV 2022\4. QUAN NGO QUYEN\3. NGO 384 LACH TRAY\2. THIET KE BVTC\1. THIET KE\2. BAN VE - SUA\2. CAP THOAT NUOC\4. CHI TIET GA, CONG.dwg,Model,18/04/2022 8:20:26 AM,DELL,Gestetner MP 6002 PCL 6,A3 (297 x 420 mm),1:20.4932,
D:\1. CONG VIEC LCDI\CV 2022\4. QUAN NGO QUYEN\3. NGO 384 LACH TRAY\2. THIET KE BVTC\1. THIET KE\2. BAN VE - SUA\2. CAP THOAT NUOC\4. CHI TIET GA, CONG.dwg,Model,18/04/2022 8:20:28 AM,DELL,Gestetner MP 6002 PCL 6,A3 (297 x 420 mm),1:20.4932,
D:\1. CONG VIEC LCDI\CV 2022\4. QUAN NGO QUYEN\3. NGO 384 LACH TRAY\2. THIET KE BVTC\1. THIET KE\2. BAN VE - SUA\2. CAP THOAT NUOC\4. CHI TIET GA, CONG.dwg,Model,18/04/2022 8:20:29 AM,DELL,Gestetner MP 6002 PCL 6,A3 (297 x 420 mm),1:20.9935,
D:\1. CONG VIEC LCDI\CV 2022\4. QUAN NGO QUYEN\3. NGO 384 LACH TRAY\2. THIET KE BVTC\1. THIET KE\2. BAN VE - SUA\2. CAP THOAT NUOC\4. CHI TIET GA, CONG.dwg,Model,18/04/2022 8:20:31 AM,DELL,Gestetner MP 6002 PCL 6,A3 (297 x 420 mm),1:20.9935,
D:\1. CONG VIEC LCDI\CV 2022\4. QUAN NGO QUYEN\3. NGO 384 LACH TRAY\2. THIET KE BVTC\1. THIET KE\2. BAN VE - SUA\2. CAP THOAT NUOC\4. CHI TIET GA, CONG.dwg,Model,18/04/2022 8:20:32 AM,DELL,Gestetner MP 6002 PCL 6,A3 (297 x 420 mm),1:20.4932,
D:\1. CONG VIEC LCDI\CV 2022\4. QUAN NGO QUYEN\3. NGO 384 LACH TRAY\2. THIET KE BVTC\1. THIET KE\2. BAN VE - SUA\2. CAP THOAT NUOC\4. CHI TIET GA, CONG.dwg,Model,18/04/2022 8:20:34 AM,DELL,Gestetner MP 6002 PCL 6,A3 (297 x 420 mm),1:20.4932,
D:\1. CONG VIEC LCDI\CV 2022\4. QUAN NGO QUYEN\2. NGO 33 NGO QUYEN\2. THIET KE BVTC\1. THIET KE\1. BAN VE\1.Bìa BV-fix.dwg,Model,30/05/2022 8:03:35 AM,DELL,Gestetner MP 6002 PCL 6,A4 (210 x 297 mm),1:0.630255,
D:\1. CONG VIEC LCDI\CV 2022\4. QUAN NGO QUYEN\2. NGO 33 NGO QUYEN\2. THIET KE BVTC\1. THIET KE\1. BAN VE\1.Bìa BV-fix.dwg,Model,30/05/2022 8:03:37 AM,DELL,Gestetner MP 6002 PCL 6,A4 (210 x 297 mm),1:0.630255,
