D:\1. CONG VIEC LCDI\CV 2022\4. QUAN NGO QUYEN\2. NGO 33 NGO QUYEN\2. THIET KE BVTC\1. THIET KE\1. BAN VE\2. CAP THOAT NUOC\3.CHI TIET GA LOAI 1, 2.dwg,Model,04/04/2022 5:03:11 PM,DELL,Gestetner MP 6002 PCL 6,A3 (297 x 420 mm),1:20.9942,
D:\1. CONG VIEC LCDI\CV 2022\4. QUAN NGO QUYEN\2. NGO 33 NGO QUYEN\2. THIET KE BVTC\1. THIET KE\1. BAN VE\2. CAP THOAT NUOC\3.CHI TIET GA LOAI 1, 2.dwg,Model,04/04/2022 5:20:52 PM,DELL,Gestetner MP 6002 PCL 6,A3 (297 x 420 mm),1:20.9942,
D:\1. CONG VIEC LCDI\CV 2022\4. QUAN NGO QUYEN\2. NGO 33 NGO QUYEN\2. THIET KE BVTC\1. THIET KE\1. BAN VE\2. CAP THOAT NUOC\3.CHI TIET GA LOAI 1, 2.dwg,Model,04/04/2022 5:20:59 PM,DELL,Gestetner MP 6002 PCL 6,A3 (297 x 420 mm),1:15.2155,
D:\1. CONG VIEC LCDI\CV 2022\2. QUAN LE CHAN\1. TRUONG MN HUONG DUONG 2\2. THIET KE BVTC\1.MAT BANG SAN DUONG.dwg,Model,13/05/2022 5:52:04 PM,DELL,Gestetner MP 6002 PCL 6,A3 (297 x 420 mm),1:0.207061,
D:\1. CONG VIEC LCDI\CV 2022\2. QUAN LE CHAN\1. TRUONG MN HUONG DUONG 2\2. THIET KE BVTC\1.MAT BANG SAN DUONG.dwg,Model,13/05/2022 5:52:07 PM,DELL,Gestetner MP 6002 PCL 6,A3 (297 x 420 mm),1:0.207061,
D:\1. CONG VIEC LCDI\CV 2022\4. QUAN NGO QUYEN\3. NGO 384 LACH TRAY\2. THIET KE BVTC\1. THIET KE\2. BAN VE - SUA\1. NEN MAT NGO\1.BINH DO HT+TK.dwg,Model,30/05/2022 9:37:46 AM,DELL,Gestetner MP 6002 PCL 6,A3 (297 x 420 mm),1:0.251845,
D:\1. CONG VIEC LCDI\CV 2022\4. QUAN NGO QUYEN\3. NGO 384 LACH TRAY\2. THIET KE BVTC\1. THIET KE\2. BAN VE - SUA\1. NEN MAT NGO\2. TRAC NGANG DIEN HINH.dwg,Model,30/05/2022 9:37:56 AM,DELL,Gestetner MP 6002 PCL 6,A3 (297 x 420 mm),1:24.5927,
D:\1. CONG VIEC LCDI\CV 2022\4. QUAN NGO QUYEN\3. NGO 384 LACH TRAY\2. THIET KE BVTC\1. THIET KE\2. BAN VE - SUA\1. NEN MAT NGO\2. TRAC NGANG DIEN HINH.dwg,Model,30/05/2022 9:37:58 AM,DELL,Gestetner MP 6002 PCL 6,A3 (297 x 420 mm),1:24.5927,
D:\1. CONG VIEC LCDI\CV 2022\4. QUAN NGO QUYEN\3. NGO 384 LACH TRAY\2. THIET KE BVTC\1. THIET KE\2. BAN VE - SUA\1. NEN MAT NGO\2. TRAC NGANG DIEN HINH.dwg,Model,30/05/2022 9:37:59 AM,DELL,Gestetner MP 6002 PCL 6,A3 (297 x 420 mm),1:20.4939,
D:\1. CONG VIEC LCDI\CV 2022\4. QUAN NGO QUYEN\3. NGO 384 LACH TRAY\2. THIET KE BVTC\1. THIET KE\2. BAN VE - SUA\1. NEN MAT NGO\2. TRAC NGANG DIEN HINH.dwg,Model,30/05/2022 9:38:01 AM,DELL,Gestetner MP 6002 PCL 6,A3 (297 x 420 mm),1:20.4939,
D:\1. CONG VIEC LCDI\CV 2022\4. QUAN NGO QUYEN\3. NGO 384 LACH TRAY\2. THIET KE BVTC\1. THIET KE\2. BAN VE - SUA\1. NEN MAT NGO\2. TRAC NGANG DIEN HINH.dwg,Model,30/05/2022 9:38:04 AM,DELL,Gestetner MP 6002 PCL 6,A3 (297 x 420 mm),1:20.4939,
D:\1. CONG VIEC LCDI\CV 2022\4. QUAN NGO QUYEN\3. NGO 384 LACH TRAY\2. THIET KE BVTC\1. THIET KE\2. BAN VE - SUA\1. NEN MAT NGO\3.TD+TN CHI TIET TUYEN 1.dwg,Model,30/05/2022 9:38:15 AM,DELL,Gestetner MP 6002 PCL 6,A3 (297 x 420 mm),1:1.15457,
D:\1. CONG VIEC LCDI\CV 2022\4. QUAN NGO QUYEN\3. NGO 384 LACH TRAY\2. THIET KE BVTC\1. THIET KE\2. BAN VE - SUA\1. NEN MAT NGO\3.TD+TN CHI TIET TUYEN 1.dwg,Model,30/05/2022 9:38:16 AM,DELL,Gestetner MP 6002 PCL 6,A3 (297 x 420 mm),1:0.209921,
D:\1. CONG VIEC LCDI\CV 2022\4. QUAN NGO QUYEN\3. NGO 384 LACH TRAY\2. THIET KE BVTC\1. THIET KE\2. BAN VE - SUA\1. NEN MAT NGO\3.TD+TN CHI TIET TUYEN 1.dwg,Model,30/05/2022 9:38:18 AM,DELL,Gestetner MP 6002 PCL 6,A3 (297 x 420 mm),1:0.209921,
D:\1. CONG VIEC LCDI\CV 2022\4. QUAN NGO QUYEN\3. NGO 384 LACH TRAY\2. THIET KE BVTC\1. THIET KE\2. BAN VE - SUA\1. NEN MAT NGO\3.TD+TN CHI TIET TUYEN 1.dwg,Model,30/05/2022 9:38:19 AM,DELL,Gestetner MP 6002 PCL 6,A3 (297 x 420 mm),1:0.209921,
D:\1. CONG VIEC LCDI\CV 2022\4. QUAN NGO QUYEN\3. NGO 384 LACH TRAY\2. THIET KE BVTC\1. THIET KE\2. BAN VE - SUA\1. NEN MAT NGO\3.TD+TN CHI TIET TUYEN 1.dwg,Model,30/05/2022 9:38:21 AM,DELL,Gestetner MP 6002 PCL 6,A3 (297 x 420 mm),1:0.209921,
D:\1. CONG VIEC LCDI\CV 2022\4. QUAN NGO QUYEN\3. NGO 384 LACH TRAY\2. THIET KE BVTC\1. THIET KE\2. BAN VE - SUA\1. NEN MAT NGO\3.TD+TN CHI TIET TUYEN 1.dwg,Model,30/05/2022 9:38:22 AM,DELL,Gestetner MP 6002 PCL 6,A3 (297 x 420 mm),1:0.209921,
D:\1. CONG VIEC LCDI\CV 2022\4. QUAN NGO QUYEN\3. NGO 384 LACH TRAY\2. THIET KE BVTC\1. THIET KE\2. BAN VE - SUA\1. NEN MAT NGO\3.TD+TN CHI TIET TUYEN 1.dwg,Model,30/05/2022 9:38:24 AM,DELL,Gestetner MP 6002 PCL 6,A3 (297 x 420 mm),1:0.209921,
D:\1. CONG VIEC LCDI\CV 2022\4. QUAN NGO QUYEN\3. NGO 384 LACH TRAY\2. THIET KE BVTC\1. THIET KE\2. BAN VE - SUA\1. NEN MAT NGO\4. TD+TN CHI TIET TUYEN 2...8.dwg,Model,30/05/2022 9:38:44 AM,DELL,Gestetner MP 6002 PCL 6,A3 (297 x 420 mm),1:0.839752,
D:\1. CONG VIEC LCDI\CV 2022\4. QUAN NGO QUYEN\3. NGO 384 LACH TRAY\2. THIET KE BVTC\1. THIET KE\2. BAN VE - SUA\1. NEN MAT NGO\4. TD+TN CHI TIET TUYEN 2...8.dwg,Model,30/05/2022 9:38:45 AM,DELL,Gestetner MP 6002 PCL 6,A3 (297 x 420 mm),1:0.209921,
D:\1. CONG VIEC LCDI\CV 2022\4. QUAN NGO QUYEN\3. NGO 384 LACH TRAY\2. THIET KE BVTC\1. THIET KE\2. BAN VE - SUA\1. NEN MAT NGO\4. TD+TN CHI TIET TUYEN 2...8.dwg,Model,30/05/2022 9:38:47 AM,DELL,Gestetner MP 6002 PCL 6,A3 (297 x 420 mm),1:0.209921,
D:\1. CONG VIEC LCDI\CV 2022\4. QUAN NGO QUYEN\3. NGO 384 LACH TRAY\2. THIET KE BVTC\1. THIET KE\2. BAN VE - SUA\1. NEN MAT NGO\4. TD+TN CHI TIET TUYEN 2...8.dwg,Model,30/05/2022 9:38:48 AM,DELL,Gestetner MP 6002 PCL 6,A3 (297 x 420 mm),1:0.839752,
D:\1. CONG VIEC LCDI\CV 2022\4. QUAN NGO QUYEN\3. NGO 384 LACH TRAY\2. THIET KE BVTC\1. THIET KE\2. BAN VE - SUA\1. NEN MAT NGO\4. TD+TN CHI TIET TUYEN 2...8.dwg,Model,30/05/2022 9:38:50 AM,DELL,Gestetner MP 6002 PCL 6,A3 (297 x 420 mm),1:0.209921,
D:\1. CONG VIEC LCDI\CV 2022\4. QUAN NGO QUYEN\3. NGO 384 LACH TRAY\2. THIET KE BVTC\1. THIET KE\2. BAN VE - SUA\1. NEN MAT NGO\4. TD+TN CHI TIET TUYEN 2...8.dwg,Model,30/05/2022 9:38:51 AM,DELL,Gestetner MP 6002 PCL 6,A3 (297 x 420 mm),1:0.209921,
D:\1. CONG VIEC LCDI\CV 2022\4. QUAN NGO QUYEN\3. NGO 384 LACH TRAY\2. THIET KE BVTC\1. THIET KE\2. BAN VE - SUA\1. NEN MAT NGO\4. TD+TN CHI TIET TUYEN 2...8.dwg,Model,30/05/2022 9:38:53 AM,DELL,Gestetner MP 6002 PCL 6,A3 (297 x 420 mm),1:0.839752,
D:\1. CONG VIEC LCDI\CV 2022\4. QUAN NGO QUYEN\3. NGO 384 LACH TRAY\2. THIET KE BVTC\1. THIET KE\2. BAN VE - SUA\1. NEN MAT NGO\4. TD+TN CHI TIET TUYEN 2...8.dwg,Model,30/05/2022 9:38:54 AM,DELL,Gestetner MP 6002 PCL 6,A3 (297 x 420 mm),1:0.209921,
D:\1. CONG VIEC LCDI\CV 2022\4. QUAN NGO QUYEN\3. NGO 384 LACH TRAY\2. THIET KE BVTC\1. THIET KE\2. BAN VE - SUA\1. NEN MAT NGO\4. TD+TN CHI TIET TUYEN 2...8.dwg,Model,30/05/2022 9:38:56 AM,DELL,Gestetner MP 6002 PCL 6,A3 (297 x 420 mm),1:0.209921,
D:\1. CONG VIEC LCDI\CV 2022\4. QUAN NGO QUYEN\3. NGO 384 LACH TRAY\2. THIET KE BVTC\1. THIET KE\2. BAN VE - SUA\1. NEN MAT NGO\4. TD+TN CHI TIET TUYEN 2...8.dwg,Model,30/05/2022 9:38:57 AM,DELL,Gestetner MP 6002 PCL 6,A3 (297 x 420 mm),1:0.839752,
D:\1. CONG VIEC LCDI\CV 2022\4. QUAN NGO QUYEN\3. NGO 384 LACH TRAY\2. THIET KE BVTC\1. THIET KE\2. BAN VE - SUA\1. NEN MAT NGO\4. TD+TN CHI TIET TUYEN 2...8.dwg,Model,30/05/2022 9:38:59 AM,DELL,Gestetner MP 6002 PCL 6,A3 (297 x 420 mm),1:0.209921,
D:\1. CONG VIEC LCDI\CV 2022\4. QUAN NGO QUYEN\3. NGO 384 LACH TRAY\2. THIET KE BVTC\1. THIET KE\2. BAN VE - SUA\1. NEN MAT NGO\4. TD+TN CHI TIET TUYEN 2...8.dwg,Model,30/05/2022 9:39:00 AM,DELL,Gestetner MP 6002 PCL 6,A3 (297 x 420 mm),1:0.209921,
D:\1. CONG VIEC LCDI\CV 2022\4. QUAN NGO QUYEN\3. NGO 384 LACH TRAY\2. THIET KE BVTC\1. THIET KE\2. BAN VE - SUA\1. NEN MAT NGO\4. TD+TN CHI TIET TUYEN 2...8.dwg,Model,30/05/2022 9:39:02 AM,DELL,Gestetner MP 6002 PCL 6,A3 (297 x 420 mm),1:0.209921,
D:\1. CONG VIEC LCDI\CV 2022\4. QUAN NGO QUYEN\3. NGO 384 LACH TRAY\2. THIET KE BVTC\1. THIET KE\2. BAN VE - SUA\1. NEN MAT NGO\4. TD+TN CHI TIET TUYEN 2...8.dwg,Model,30/05/2022 9:39:04 AM,DELL,Gestetner MP 6002 PCL 6,A3 (297 x 420 mm),1:0.839752,
D:\1. CONG VIEC LCDI\CV 2022\4. QUAN NGO QUYEN\3. NGO 384 LACH TRAY\2. THIET KE BVTC\1. THIET KE\2. BAN VE - SUA\1. NEN MAT NGO\4. TD+TN CHI TIET TUYEN 2...8.dwg,Model,30/05/2022 9:39:05 AM,DELL,Gestetner MP 6002 PCL 6,A3 (297 x 420 mm),1:0.209921,
D:\1. CONG VIEC LCDI\CV 2022\4. QUAN NGO QUYEN\3. NGO 384 LACH TRAY\2. THIET KE BVTC\1. THIET KE\2. BAN VE - SUA\1. NEN MAT NGO\4. TD+TN CHI TIET TUYEN 2...8.dwg,Model,30/05/2022 9:39:07 AM,DELL,Gestetner MP 6002 PCL 6,A3 (297 x 420 mm),1:0.839752,
D:\1. CONG VIEC LCDI\CV 2022\4. QUAN NGO QUYEN\3. NGO 384 LACH TRAY\2. THIET KE BVTC\1. THIET KE\2. BAN VE - SUA\1. NEN MAT NGO\4. TD+TN CHI TIET TUYEN 2...8.dwg,Model,30/05/2022 9:39:08 AM,DELL,Gestetner MP 6002 PCL 6,A3 (297 x 420 mm),1:0.209921,
D:\1. CONG VIEC LCDI\CV 2022\4. QUAN NGO QUYEN\3. NGO 384 LACH TRAY\2. THIET KE BVTC\1. THIET KE\2. BAN VE - SUA\1. NEN MAT NGO\4. TD+TN CHI TIET TUYEN 2...8.dwg,Model,30/05/2022 9:39:10 AM,DELL,Gestetner MP 6002 PCL 6,A3 (297 x 420 mm),1:0.209921,
D:\1. CONG VIEC LCDI\CV 2022\4. QUAN NGO QUYEN\3. NGO 384 LACH TRAY\2. THIET KE BVTC\1. THIET KE\2. BAN VE - SUA\1. NEN MAT NGO\4. TD+TN CHI TIET TUYEN 2...8.dwg,Model,30/05/2022 9:39:12 AM,DELL,Gestetner MP 6002 PCL 6,A3 (297 x 420 mm),1:0.839752,
D:\1. CONG VIEC LCDI\CV 2022\4. QUAN NGO QUYEN\3. NGO 384 LACH TRAY\2. THIET KE BVTC\1. THIET KE\2. BAN VE - SUA\1. NEN MAT NGO\4. TD+TN CHI TIET TUYEN 2...8.dwg,Model,30/05/2022 9:39:13 AM,DELL,Gestetner MP 6002 PCL 6,A3 (297 x 420 mm),1:0.209921,
D:\1. CONG VIEC LCDI\CV 2022\4. QUAN NGO QUYEN\3. NGO 384 LACH TRAY\2. THIET KE BVTC\1. THIET KE\2. BAN VE - SUA\1. NEN MAT NGO\4. TD+TN CHI TIET TUYEN 2...8.dwg,Model,30/05/2022 9:39:15 AM,DELL,Gestetner MP 6002 PCL 6,A3 (297 x 420 mm),1:0.209921,
D:\1. CONG VIEC LCDI\CV 2022\4. QUAN NGO QUYEN\3. NGO 384 LACH TRAY\2. THIET KE BVTC\1. THIET KE\2. BAN VE - SUA\1. NEN MAT NGO\1.BINH DO HT+TK.dwg,Model,17/06/2022 9:28:51 AM,DELL,Gestetner MP 6002 PCL 6,A3 (297 x 420 mm),1:0.828244,
D:\1. CONG VIEC LCDI\CV 2022\3. QUAN HAI AN\1. TRUONG TH THANH TO\7. BAN VE TKCS\2. THAM DINH - THEO QH 1.500\1.MB SAN NGOAI NHA.dwg,Model,20/06/2022 9:01:41 AM,DELL,Gestetner MP 6002 PCL 6,A3 (297 x 420 mm),1:0.310592,
D:\1. CONG VIEC LCDI\CV 2022\3. QUAN HAI AN\1. TRUONG TH THANH TO\7. BAN VE TKCS\2. THAM DINH - THEO QH 1.500\2.CHI TIET SAN NGOAI NHA.dwg,Model,20/06/2022 9:01:49 AM,DELL,Gestetner MP 6002 PCL 6,A3 (297 x 420 mm),1:10.3531,
D:\1. CONG VIEC LCDI\CV 2022\3. QUAN HAI AN\2. TRUONG TH DONG HAI 1\3. BAN VE TKCS\1.MAT BANG SAN - DONG HAI 1.dwg,Model,20/06/2022 9:01:57 AM,DELL,Gestetner MP 6002 PCL 6,A3 (297 x 420 mm),1:0.414122,
D:\1. CONG VIEC LCDI\CV 2022\3. QUAN HAI AN\2. TRUONG TH DONG HAI 1\3. BAN VE TKCS\2.CHI TIET SAN NGOAI NHA.dwg,Model,20/06/2022 9:02:05 AM,DELL,Gestetner MP 6002 PCL 6,A3 (297 x 420 mm),1:10.3531,
