D:\1. CONG VIEC LCDI\CV 2022\2. QUAN LE CHAN\1. TRUONG MN HUONG DUONG 2\2. THIET KE BVTC\1.MAT BANG SAN DUONG.dwg,Model,15/06/2022 9:50:48 AM,DELL,Gestetner MP 6002 PCL 6,A3 (297 x 420 mm),1:0.178026,
D:\1. CONG VIEC LCDI\CV 2022\5. NHUA TIEN PHONG\1. NTP MIEN TRUNG MO RONG\1. GOI SAN LAP MAT BANG\3. THIET KE BVTC+DT\2. THAM TRA\1. BAN VE\1. MAT BANG SAN LAP.dwg,Model,16/06/2022 8:54:44 AM,DELL,Gestetner MP 6002 PCL 6,A3 (297 x 420 mm),1:0.414122,
D:\1. CONG VIEC LCDI\CV 2022\5. NHUA TIEN PHONG\1. NTP MIEN TRUNG MO RONG\1. GOI SAN LAP MAT BANG\3. THIET KE BVTC+DT\2. THAM TRA\1. BAN VE\1. MAT BANG SAN LAP.dwg,Model,16/06/2022 8:54:46 AM,DELL,Gestetner MP 6002 PCL 6,A3 (297 x 420 mm),1:0.828256,
D:\1. CONG VIEC LCDI\CV 2022\5. NHUA TIEN PHONG\1. NTP MIEN TRUNG MO RONG\1. GOI SAN LAP MAT BANG\3. THIET KE BVTC+DT\2. THAM TRA\1. BAN VE\1. MAT BANG SAN LAP.dwg,Model,16/06/2022 8:54:49 AM,DELL,Gestetner MP 6002 PCL 6,A3 (297 x 420 mm),1:0.828256,
D:\1. CONG VIEC LCDI\CV 2022\5. NHUA TIEN PHONG\1. NTP MIEN TRUNG MO RONG\1. GOI SAN LAP MAT BANG\3. THIET KE BVTC+DT\2. THAM TRA\1. BAN VE\1. MAT BANG SAN LAP.dwg,Model,16/06/2022 8:54:52 AM,DELL,Gestetner MP 6002 PCL 6,A3 (297 x 420 mm),1:0.828256,
D:\1. CONG VIEC LCDI\CV 2022\5. NHUA TIEN PHONG\1. NTP MIEN TRUNG MO RONG\1. GOI SAN LAP MAT BANG\3. THIET KE BVTC+DT\2. THAM TRA\1. BAN VE\1. MAT BANG SAN LAP.dwg,Model,16/06/2022 8:54:55 AM,DELL,Gestetner MP 6002 PCL 6,A3 (297 x 420 mm),1:0.828256,
D:\1. CONG VIEC LCDI\CV 2022\5. NHUA TIEN PHONG\1. NTP MIEN TRUNG MO RONG\1. GOI SAN LAP MAT BANG\3. THIET KE BVTC+DT\2. THAM TRA\1. BAN VE\1. MAT BANG SAN LAP.dwg,Model,16/06/2022 8:55:03 AM,DELL,Gestetner MP 6002 PCL 6,A3 (297 x 420 mm),1:0.828256,
D:\1. CONG VIEC LCDI\CV 2022\5. NHUA TIEN PHONG\1. NTP MIEN TRUNG MO RONG\1. GOI SAN LAP MAT BANG\3. THIET KE BVTC+DT\2. THAM TRA\1. BAN VE\1. MAT BANG SAN LAP.dwg,Model,16/06/2022 8:55:09 AM,DELL,Gestetner MP 6002 PCL 6,A3 (297 x 420 mm),1:0.828256,
D:\1. CONG VIEC LCDI\CV 2022\5. NHUA TIEN PHONG\1. NTP MIEN TRUNG MO RONG\1. GOI SAN LAP MAT BANG\3. THIET KE BVTC+DT\2. THAM TRA\1. BAN VE\1. MAT BANG SAN LAP.dwg,Model,16/06/2022 8:55:15 AM,DELL,Gestetner MP 6002 PCL 6,A3 (297 x 420 mm),1:0.828256,
D:\1. CONG VIEC LCDI\CV 2022\5. NHUA TIEN PHONG\1. NTP MIEN TRUNG MO RONG\1. GOI SAN LAP MAT BANG\3. THIET KE BVTC+DT\2. THAM TRA\1. BAN VE\1. MAT BANG SAN LAP.dwg,Model,16/06/2022 8:55:21 AM,DELL,Gestetner MP 6002 PCL 6,A3 (297 x 420 mm),1:0.828256,
D:\1. CONG VIEC LCDI\CV 2022\5. NHUA TIEN PHONG\1. NTP MIEN TRUNG MO RONG\1. GOI SAN LAP MAT BANG\3. THIET KE BVTC+DT\2. THAM TRA\1. BAN VE\1. MAT BANG SAN LAP.dwg,Model,16/06/2022 8:55:27 AM,DELL,Gestetner MP 6002 PCL 6,A3 (297 x 420 mm),1:0.828256,
D:\1. CONG VIEC LCDI\CV 2022\5. NHUA TIEN PHONG\1. NTP MIEN TRUNG MO RONG\1. GOI SAN LAP MAT BANG\3. THIET KE BVTC+DT\2. THAM TRA\1. BAN VE\1. MAT BANG SAN LAP.dwg,Model,16/06/2022 8:55:33 AM,DELL,Gestetner MP 6002 PCL 6,A3 (297 x 420 mm),1:0.828256,
D:\1. CONG VIEC LCDI\CV 2022\5. NHUA TIEN PHONG\1. NTP MIEN TRUNG MO RONG\2. GOI SAN DUONG, THOAT NUOC\3. THIET KE BVTC+DT\2. THAM TRA\1. BAN VE\1. MAT BANG SAN DUONG.dwg,Model,16/06/2022 10:07:49 AM,DELL,Gestetner MP 6002 PCL 6,A3 (297 x 420 mm),1:0.414122,
D:\1. CONG VIEC LCDI\CV 2022\5. NHUA TIEN PHONG\1. NTP MIEN TRUNG MO RONG\2. GOI SAN DUONG, THOAT NUOC\3. THIET KE BVTC+DT\2. THAM TRA\1. BAN VE\1. MAT BANG SAN DUONG.dwg,Model,16/06/2022 10:07:51 AM,DELL,Gestetner MP 6002 PCL 6,A3 (297 x 420 mm),1:0.828256,
D:\1. CONG VIEC LCDI\CV 2022\5. NHUA TIEN PHONG\1. NTP MIEN TRUNG MO RONG\2. GOI SAN DUONG, THOAT NUOC\3. THIET KE BVTC+DT\2. THAM TRA\1. BAN VE\1. MAT BANG SAN DUONG.dwg,Model,16/06/2022 10:07:53 AM,DELL,Gestetner MP 6002 PCL 6,A3 (297 x 420 mm),1:0.828256,
D:\1. CONG VIEC LCDI\CV 2022\5. NHUA TIEN PHONG\1. NTP MIEN TRUNG MO RONG\2. GOI SAN DUONG, THOAT NUOC\3. THIET KE BVTC+DT\2. THAM TRA\1. BAN VE\1. MAT BANG SAN DUONG.dwg,Model,16/06/2022 10:07:56 AM,DELL,Gestetner MP 6002 PCL 6,A3 (297 x 420 mm),1:0.828256,
D:\1. CONG VIEC LCDI\CV 2022\5. NHUA TIEN PHONG\1. NTP MIEN TRUNG MO RONG\2. GOI SAN DUONG, THOAT NUOC\3. THIET KE BVTC+DT\2. THAM TRA\1. BAN VE\2. CHI TIET DUONG GT.dwg,Model,16/06/2022 10:08:07 AM,DELL,Gestetner MP 6002 PCL 6,A3 (297 x 420 mm),1:4.14124,
D:\1. CONG VIEC LCDI\CV 2022\5. NHUA TIEN PHONG\1. NTP MIEN TRUNG MO RONG\2. GOI SAN DUONG, THOAT NUOC\3. THIET KE BVTC+DT\2. THAM TRA\1. BAN VE\2. CHI TIET DUONG GT.dwg,Model,16/06/2022 10:08:09 AM,DELL,Gestetner MP 6002 PCL 6,A3 (297 x 420 mm),1:1.03531,
D:\1. CONG VIEC LCDI\CV 2022\5. NHUA TIEN PHONG\1. NTP MIEN TRUNG MO RONG\2. GOI SAN DUONG, THOAT NUOC\3. THIET KE BVTC+DT\2. THAM TRA\1. BAN VE\2. CHI TIET DUONG GT.dwg,Model,16/06/2022 10:08:11 AM,DELL,Gestetner MP 6002 PCL 6,A3 (297 x 420 mm),1:0.828249,
D:\1. CONG VIEC LCDI\CV 2022\5. NHUA TIEN PHONG\1. NTP MIEN TRUNG MO RONG\2. GOI SAN DUONG, THOAT NUOC\3. THIET KE BVTC+DT\2. THAM TRA\1. BAN VE\2. CHI TIET DUONG GT.dwg,Model,16/06/2022 10:08:14 AM,DELL,Gestetner MP 6002 PCL 6,A3 (297 x 420 mm),1:1.55297,
D:\1. CONG VIEC LCDI\CV 2022\5. NHUA TIEN PHONG\1. NTP MIEN TRUNG MO RONG\2. GOI SAN DUONG, THOAT NUOC\3. THIET KE BVTC+DT\2. THAM TRA\1. BAN VE\2. CHI TIET DUONG GT.dwg,Model,16/06/2022 10:08:16 AM,DELL,Gestetner MP 6002 PCL 6,A3 (297 x 420 mm),1:0.517655,
D:\1. CONG VIEC LCDI\CV 2022\5. NHUA TIEN PHONG\1. NTP MIEN TRUNG MO RONG\2. GOI SAN DUONG, THOAT NUOC\3. THIET KE BVTC+DT\2. THAM TRA\1. BAN VE\2. CHI TIET DUONG GT.dwg,Model,16/06/2022 10:08:18 AM,DELL,Gestetner MP 6002 PCL 6,A3 (297 x 420 mm),1:0.517655,
D:\1. CONG VIEC LCDI\CV 2022\5. NHUA TIEN PHONG\1. NTP MIEN TRUNG MO RONG\2. GOI SAN DUONG, THOAT NUOC\3. THIET KE BVTC+DT\2. THAM TRA\1. BAN VE\2. CHI TIET DUONG GT.dwg,Model,16/06/2022 10:08:21 AM,DELL,Gestetner MP 6002 PCL 6,A3 (297 x 420 mm),1:0.517655,
D:\1. CONG VIEC LCDI\CV 2022\5. NHUA TIEN PHONG\1. NTP MIEN TRUNG MO RONG\2. GOI SAN DUONG, THOAT NUOC\3. THIET KE BVTC+DT\2. THAM TRA\1. BAN VE\3. MAT BANG HT THOAT NUOC MAT.dwg,Model,16/06/2022 10:10:00 AM,DELL,Gestetner MP 6002 PCL 6,A3 (297 x 420 mm),1:0.414122,
D:\1. CONG VIEC LCDI\CV 2022\5. NHUA TIEN PHONG\1. NTP MIEN TRUNG MO RONG\2. GOI SAN DUONG, THOAT NUOC\3. THIET KE BVTC+DT\2. THAM TRA\1. BAN VE\3. MAT BANG HT THOAT NUOC MAT.dwg,Model,16/06/2022 10:10:01 AM,DELL,Gestetner MP 6002 PCL 6,A3 (297 x 420 mm),1:0.828256,
D:\1. CONG VIEC LCDI\CV 2022\5. NHUA TIEN PHONG\1. NTP MIEN TRUNG MO RONG\2. GOI SAN DUONG, THOAT NUOC\3. THIET KE BVTC+DT\2. THAM TRA\1. BAN VE\3. MAT BANG HT THOAT NUOC MAT.dwg,Model,16/06/2022 10:10:04 AM,DELL,Gestetner MP 6002 PCL 6,A3 (297 x 420 mm),1:0.828244,
D:\1. CONG VIEC LCDI\CV 2022\5. NHUA TIEN PHONG\1. NTP MIEN TRUNG MO RONG\2. GOI SAN DUONG, THOAT NUOC\3. THIET KE BVTC+DT\2. THAM TRA\1. BAN VE\3. MAT BANG HT THOAT NUOC MAT.dwg,Model,16/06/2022 10:10:06 AM,DELL,Gestetner MP 6002 PCL 6,A3 (297 x 420 mm),1:0.828244,
D:\1. CONG VIEC LCDI\CV 2022\5. NHUA TIEN PHONG\1. NTP MIEN TRUNG MO RONG\2. GOI SAN DUONG, THOAT NUOC\3. THIET KE BVTC+DT\2. THAM TRA\1. BAN VE\4. CHI TIET GA, CONG.dwg,Model,16/06/2022 10:10:20 AM,DELL,Gestetner MP 6002 PCL 6,A3 (297 x 420 mm),1:20.7061,
D:\1. CONG VIEC LCDI\CV 2022\5. NHUA TIEN PHONG\1. NTP MIEN TRUNG MO RONG\2. GOI SAN DUONG, THOAT NUOC\3. THIET KE BVTC+DT\2. THAM TRA\1. BAN VE\4. CHI TIET GA, CONG.dwg,Model,16/06/2022 10:10:23 AM,DELL,Gestetner MP 6002 PCL 6,A3 (297 x 420 mm),1:20.7061,
D:\1. CONG VIEC LCDI\CV 2022\5. NHUA TIEN PHONG\1. NTP MIEN TRUNG MO RONG\2. GOI SAN DUONG, THOAT NUOC\3. THIET KE BVTC+DT\2. THAM TRA\1. BAN VE\4. CHI TIET GA, CONG.dwg,Model,16/06/2022 10:10:25 AM,DELL,Gestetner MP 6002 PCL 6,A3 (297 x 420 mm),1:20.7061,
D:\1. CONG VIEC LCDI\CV 2022\5. NHUA TIEN PHONG\1. NTP MIEN TRUNG MO RONG\2. GOI SAN DUONG, THOAT NUOC\3. THIET KE BVTC+DT\2. THAM TRA\1. BAN VE\4. CHI TIET GA, CONG.dwg,Model,16/06/2022 10:10:27 AM,DELL,Gestetner MP 6002 PCL 6,A3 (297 x 420 mm),1:20.7061,
D:\1. CONG VIEC LCDI\CV 2022\5. NHUA TIEN PHONG\1. NTP MIEN TRUNG MO RONG\2. GOI SAN DUONG, THOAT NUOC\3. THIET KE BVTC+DT\2. THAM TRA\1. BAN VE\4. CHI TIET GA, CONG.dwg,Model,16/06/2022 10:10:29 AM,DELL,Gestetner MP 6002 PCL 6,A3 (297 x 420 mm),1:20.7061,
D:\1. CONG VIEC LCDI\CV 2022\5. NHUA TIEN PHONG\1. NTP MIEN TRUNG MO RONG\2. GOI SAN DUONG, THOAT NUOC\3. THIET KE BVTC+DT\2. THAM TRA\1. BAN VE\4. CHI TIET GA, CONG.dwg,Model,16/06/2022 10:10:31 AM,DELL,Gestetner MP 6002 PCL 6,A3 (297 x 420 mm),1:20.7061,
D:\1. CONG VIEC LCDI\CV 2022\5. NHUA TIEN PHONG\1. NTP MIEN TRUNG MO RONG\2. GOI SAN DUONG, THOAT NUOC\3. THIET KE BVTC+DT\2. THAM TRA\1. BAN VE\4. CHI TIET GA, CONG.dwg,Model,16/06/2022 10:10:33 AM,DELL,Gestetner MP 6002 PCL 6,A3 (297 x 420 mm),1:20.7061,
D:\1. CONG VIEC LCDI\CV 2022\5. NHUA TIEN PHONG\1. NTP MIEN TRUNG MO RONG\2. GOI SAN DUONG, THOAT NUOC\3. THIET KE BVTC+DT\2. THAM TRA\1. BAN VE\4. CHI TIET GA, CONG.dwg,Model,16/06/2022 10:10:36 AM,DELL,Gestetner MP 6002 PCL 6,A3 (297 x 420 mm),1:20.7061,
D:\1. CONG VIEC LCDI\CV 2022\5. NHUA TIEN PHONG\1. NTP MIEN TRUNG MO RONG\2. GOI SAN DUONG, THOAT NUOC\3. THIET KE BVTC+DT\2. THAM TRA\1. BAN VE\4. CHI TIET GA, CONG.dwg,Model,16/06/2022 10:10:38 AM,DELL,Gestetner MP 6002 PCL 6,A3 (297 x 420 mm),1:20.7061,
D:\1. CONG VIEC LCDI\CV 2022\5. NHUA TIEN PHONG\1. NTP MIEN TRUNG MO RONG\2. GOI SAN DUONG, THOAT NUOC\3. THIET KE BVTC+DT\2. THAM TRA\1. BAN VE\4. CHI TIET GA, CONG.dwg,Model,16/06/2022 10:10:40 AM,DELL,Gestetner MP 6002 PCL 6,A3 (297 x 420 mm),1:24.8473,
D:\1. CONG VIEC LCDI\CV 2022\5. NHUA TIEN PHONG\1. NTP MIEN TRUNG MO RONG\2. GOI SAN DUONG, THOAT NUOC\3. THIET KE BVTC+DT\2. THAM TRA\1. BAN VE\4. CHI TIET GA, CONG.dwg,Model,16/06/2022 10:10:42 AM,DELL,Gestetner MP 6002 PCL 6,A3 (297 x 420 mm),1:24.8473,
D:\1. CONG VIEC LCDI\CV 2022\5. NHUA TIEN PHONG\1. NTP MIEN TRUNG MO RONG\2. GOI SAN DUONG, THOAT NUOC\3. THIET KE BVTC+DT\2. THAM TRA\1. BAN VE\4. CHI TIET GA, CONG.dwg,Model,16/06/2022 10:10:45 AM,DELL,Gestetner MP 6002 PCL 6,A3 (297 x 420 mm),1:24.8473,
D:\1. CONG VIEC LCDI\CV 2022\5. NHUA TIEN PHONG\1. NTP MIEN TRUNG MO RONG\2. GOI SAN DUONG, THOAT NUOC\3. THIET KE BVTC+DT\2. THAM TRA\1. BAN VE\4. CHI TIET GA, CONG.dwg,Model,16/06/2022 10:10:47 AM,DELL,Gestetner MP 6002 PCL 6,A3 (297 x 420 mm),1:27.2108,
D:\1. CONG VIEC LCDI\CV 2022\5. NHUA TIEN PHONG\1. NTP MIEN TRUNG MO RONG\2. GOI SAN DUONG, THOAT NUOC\3. THIET KE BVTC+DT\2. THAM TRA\1. BAN VE\4. CHI TIET GA, CONG.dwg,Model,16/06/2022 10:10:49 AM,DELL,Gestetner MP 6002 PCL 6,A3 (297 x 420 mm),1:18.6355,
D:\1. CONG VIEC LCDI\CV 2022\5. NHUA TIEN PHONG\1. NTP MIEN TRUNG MO RONG\2. GOI SAN DUONG, THOAT NUOC\3. THIET KE BVTC+DT\2. THAM TRA\1. BAN VE\4. CHI TIET GA, CONG.dwg,Model,16/06/2022 10:10:50 AM,DELL,Gestetner MP 6002 PCL 6,A3 (297 x 420 mm),1:18.6355,
D:\1. CONG VIEC LCDI\CV 2022\1. QUAN KHU 3\3. BAN CHQS THANH MIEN\3. THIET KE BVTC\1. THIET KE\FILE PDF\1. MB SAN LAP-THANH MIEN.dwg,Model,16/06/2022 10:26:02 AM,DELL,pdfFactory Pro,A3,1:0.630299,
D:\1. CONG VIEC LCDI\CV 2022\1. QUAN KHU 3\3. BAN CHQS THANH MIEN\3. THIET KE BVTC\1. THIET KE\FILE PDF\1. MB SAN LAP-THANH MIEN.dwg,Model,16/06/2022 10:26:07 AM,DELL,pdfFactory Pro,A3,1:0.630299,
D:\1. CONG VIEC LCDI\CV 2022\1. QUAN KHU 3\3. BAN CHQS THANH MIEN\3. THIET KE BVTC\1. THIET KE\FILE PDF\1. MB SAN LAP-THANH MIEN.dwg,Model,16/06/2022 10:26:08 AM,DELL,pdfFactory Pro,A3,1:0.735348,
D:\1. CONG VIEC LCDI\CV 2022\1. QUAN KHU 3\3. BAN CHQS THANH MIEN\3. THIET KE BVTC\1. THIET KE\FILE PDF\1. MB SAN LAP-THANH MIEN.dwg,Model,16/06/2022 10:26:10 AM,DELL,pdfFactory Pro,A3,1:0.735348,
D:\1. CONG VIEC LCDI\CV 2022\1. QUAN KHU 3\3. BAN CHQS THANH MIEN\3. THIET KE BVTC\1. THIET KE\FILE PDF\1. MB SAN LAP-THANH MIEN.dwg,Model,16/06/2022 10:26:12 AM,DELL,pdfFactory Pro,A3,1:0.630299,
D:\1. CONG VIEC LCDI\CV 2022\1. QUAN KHU 3\3. BAN CHQS THANH MIEN\3. THIET KE BVTC\1. THIET KE\FILE PDF\1. MB SAN LAP-THANH MIEN.dwg,Model,16/06/2022 10:26:15 AM,DELL,pdfFactory Pro,A3,1:0.630299,
D:\1. CONG VIEC LCDI\CV 2022\1. QUAN KHU 3\3. BAN CHQS THANH MIEN\3. THIET KE BVTC\1. THIET KE\FILE PDF\1. MB SAN LAP-THANH MIEN.dwg,Model,16/06/2022 10:26:20 AM,DELL,pdfFactory Pro,A3,1:0.630299,
D:\1. CONG VIEC LCDI\CV 2022\1. QUAN KHU 3\3. BAN CHQS THANH MIEN\3. THIET KE BVTC\1. THIET KE\FILE PDF\1. MB SAN LAP-THANH MIEN.dwg,Model,16/06/2022 10:26:24 AM,DELL,pdfFactory Pro,A3,1:0.630299,
D:\1. CONG VIEC LCDI\CV 2022\1. QUAN KHU 3\3. BAN CHQS THANH MIEN\3. THIET KE BVTC\1. THIET KE\FILE PDF\2. MB DUONG NOI BO - THANH MIEN.dwg,Model,16/06/2022 10:27:15 AM,DELL,pdfFactory Pro,A3,1:0.630299,
D:\1. CONG VIEC LCDI\CV 2022\1. QUAN KHU 3\3. BAN CHQS THANH MIEN\3. THIET KE BVTC\1. THIET KE\FILE PDF\2. MB DUONG NOI BO - THANH MIEN.dwg,Model,16/06/2022 10:27:16 AM,DELL,pdfFactory Pro,A3,1:0.630299,
D:\1. CONG VIEC LCDI\CV 2022\1. QUAN KHU 3\3. BAN CHQS THANH MIEN\3. THIET KE BVTC\1. THIET KE\FILE PDF\2. MB DUONG NOI BO - THANH MIEN.dwg,Model,16/06/2022 10:27:23 AM,DELL,pdfFactory Pro,A3,1:0.525249,
D:\1. CONG VIEC LCDI\CV 2022\1. QUAN KHU 3\3. BAN CHQS THANH MIEN\3. THIET KE BVTC\1. THIET KE\FILE PDF\2. MB DUONG NOI BO - THANH MIEN.dwg,Model,16/06/2022 10:28:15 AM,DELL,pdfFactory Pro,A3,1:0.630299,
D:\1. CONG VIEC LCDI\CV 2022\1. QUAN KHU 3\3. BAN CHQS THANH MIEN\3. THIET KE BVTC\1. THIET KE\FILE PDF\2. MB DUONG NOI BO - THANH MIEN.dwg,Model,16/06/2022 10:28:17 AM,DELL,pdfFactory Pro,A3,1:0.630299,
D:\1. CONG VIEC LCDI\CV 2022\1. QUAN KHU 3\3. BAN CHQS THANH MIEN\3. THIET KE BVTC\1. THIET KE\FILE PDF\2. MB DUONG NOI BO - THANH MIEN.dwg,Model,16/06/2022 10:28:24 AM,DELL,pdfFactory Pro,A3,1:0.525249,
D:\1. CONG VIEC LCDI\CV 2022\1. QUAN KHU 3\3. BAN CHQS THANH MIEN\3. THIET KE BVTC\1. THIET KE\FILE PDF\3. CHI TIET DUONG NOI BO.dwg,Model,16/06/2022 10:29:22 AM,DELL,pdfFactory Pro,A3,1:42.0199,
D:\1. CONG VIEC LCDI\CV 2022\1. QUAN KHU 3\3. BAN CHQS THANH MIEN\3. THIET KE BVTC\1. THIET KE\FILE PDF\3. CHI TIET DUONG NOI BO.dwg,Model,16/06/2022 10:29:25 AM,DELL,pdfFactory Pro,A3,1:10.505,
D:\1. CONG VIEC LCDI\CV 2022\1. QUAN KHU 3\3. BAN CHQS THANH MIEN\3. THIET KE BVTC\1. THIET KE\FILE PDF\4. MB SAN, VIA HE - THANH MIEN.dwg,Model,16/06/2022 10:30:03 AM,DELL,pdfFactory Pro,A3,1:0.630299,
D:\1. CONG VIEC LCDI\CV 2022\1. QUAN KHU 3\3. BAN CHQS THANH MIEN\3. THIET KE BVTC\1. THIET KE\FILE PDF\4. MB SAN, VIA HE - THANH MIEN.dwg,Model,16/06/2022 10:30:05 AM,DELL,pdfFactory Pro,A3,1:0.630299,
D:\1. CONG VIEC LCDI\CV 2022\1. QUAN KHU 3\3. BAN CHQS THANH MIEN\3. THIET KE BVTC\1. THIET KE\FILE PDF\4. MB SAN, VIA HE - THANH MIEN.dwg,Model,16/06/2022 10:30:13 AM,DELL,pdfFactory Pro,A3,1:0.315149,
D:\1. CONG VIEC LCDI\CV 2022\1. QUAN KHU 3\3. BAN CHQS THANH MIEN\3. THIET KE BVTC\1. THIET KE\FILE PDF\4. MB SAN, VIA HE - THANH MIEN.dwg,Model,16/06/2022 10:30:18 AM,DELL,pdfFactory Pro,A3,1:0.315149,
D:\1. CONG VIEC LCDI\CV 2022\1. QUAN KHU 3\3. BAN CHQS THANH MIEN\3. THIET KE BVTC\1. THIET KE\FILE PDF\5. CHI TIET SAN, VIA HE.dwg,Model,16/06/2022 10:31:44 AM,DELL,pdfFactory Pro,A3,1:10.505,
D:\1. CONG VIEC LCDI\CV 2022\1. QUAN KHU 3\3. BAN CHQS THANH MIEN\3. THIET KE BVTC\1. THIET KE\FILE PDF\5. CHI TIET SAN, VIA HE.dwg,Model,16/06/2022 10:31:46 AM,DELL,pdfFactory Pro,A3,1:10.505,
D:\1. CONG VIEC LCDI\CV 2022\1. QUAN KHU 3\3. BAN CHQS THANH MIEN\3. THIET KE BVTC\1. THIET KE\FILE PDF\6. MB KE DA - THANH MIEN .dwg,Model,16/06/2022 10:32:21 AM,DELL,pdfFactory Pro,A3,1:0.630299,
D:\1. CONG VIEC LCDI\CV 2022\1. QUAN KHU 3\3. BAN CHQS THANH MIEN\3. THIET KE BVTC\1. THIET KE\FILE PDF\6. MB KE DA - THANH MIEN .dwg,Model,16/06/2022 10:32:23 AM,DELL,pdfFactory Pro,A3,1:0.630299,
D:\1. CONG VIEC LCDI\CV 2022\1. QUAN KHU 3\3. BAN CHQS THANH MIEN\3. THIET KE BVTC\1. THIET KE\FILE PDF\6. MB KE DA - THANH MIEN .dwg,Model,16/06/2022 10:32:28 AM,DELL,pdfFactory Pro,A3,1:0.157575,
D:\1. CONG VIEC LCDI\CV 2022\1. QUAN KHU 3\3. BAN CHQS THANH MIEN\3. THIET KE BVTC\1. THIET KE\FILE PDF\7. CHI TIET KE DA.dwg,Model,16/06/2022 10:32:59 AM,DELL,pdfFactory Pro,A3,1:31.5149,
D:\1. CONG VIEC LCDI\CV 2022\1. QUAN KHU 3\3. BAN CHQS THANH MIEN\3. THIET KE BVTC\1. THIET KE\FILE PDF\8. MB TUONG RAO - THANH MIEN.dwg,Model,16/06/2022 10:33:30 AM,DELL,pdfFactory Pro,A3,1:0.630299,
D:\1. CONG VIEC LCDI\CV 2022\1. QUAN KHU 3\3. BAN CHQS THANH MIEN\3. THIET KE BVTC\1. THIET KE\FILE PDF\8. MB TUONG RAO - THANH MIEN.dwg,Model,16/06/2022 10:33:32 AM,DELL,pdfFactory Pro,A3,1:0.630299,
D:\1. CONG VIEC LCDI\CV 2022\1. QUAN KHU 3\3. BAN CHQS THANH MIEN\3. THIET KE BVTC\1. THIET KE\FILE PDF\8. MB TUONG RAO - THANH MIEN.dwg,Model,16/06/2022 10:33:37 AM,DELL,pdfFactory Pro,A3,1:0.546259,
D:\1. CONG VIEC LCDI\CV 2022\1. QUAN KHU 3\3. BAN CHQS THANH MIEN\3. THIET KE BVTC\1. THIET KE\FILE PDF\9. CHI TIET TUONG RAO.dwg,Model,16/06/2022 10:34:53 AM,DELL,pdfFactory Pro,A3,1:26.2625,
D:\1. CONG VIEC LCDI\CV 2022\1. QUAN KHU 3\3. BAN CHQS THANH MIEN\3. THIET KE BVTC\1. THIET KE\FILE PDF\9. CHI TIET TUONG RAO.dwg,Model,16/06/2022 10:34:56 AM,DELL,pdfFactory Pro,A3,1:52.5249,
D:\1. CONG VIEC LCDI\CV 2022\1. QUAN KHU 3\3. BAN CHQS THANH MIEN\3. THIET KE BVTC\1. THIET KE\FILE PDF\9. CHI TIET TUONG RAO.dwg,Model,16/06/2022 10:34:59 AM,DELL,pdfFactory Pro,A3,1:26.2624,
D:\1. CONG VIEC LCDI\CV 2022\1. QUAN KHU 3\3. BAN CHQS THANH MIEN\3. THIET KE BVTC\1. THIET KE\FILE PDF\9. CHI TIET TUONG RAO.dwg,Model,16/06/2022 10:35:02 AM,DELL,pdfFactory Pro,A3,1:52.5249,
D:\1. CONG VIEC LCDI\CV 2022\1. QUAN KHU 3\3. BAN CHQS THANH MIEN\3. THIET KE BVTC\1. THIET KE\FILE PDF\9. CHI TIET TUONG RAO.dwg,Model,16/06/2022 10:35:04 AM,DELL,pdfFactory Pro,A3,1:26.2625,
D:\1. CONG VIEC LCDI\CV 2022\1. QUAN KHU 3\3. BAN CHQS THANH MIEN\3. THIET KE BVTC\1. THIET KE\FILE PDF\9. CHI TIET TUONG RAO.dwg,Model,16/06/2022 10:35:06 AM,DELL,pdfFactory Pro,A3,1:52.5249,
D:\1. CONG VIEC LCDI\CV 2022\1. QUAN KHU 3\3. BAN CHQS THANH MIEN\3. THIET KE BVTC\1. THIET KE\FILE PDF\9. CHI TIET TUONG RAO.dwg,Model,16/06/2022 10:35:08 AM,DELL,pdfFactory Pro,A3,1:52.5249,
D:\1. CONG VIEC LCDI\CV 2022\1. QUAN KHU 3\3. BAN CHQS THANH MIEN\3. THIET KE BVTC\1. THIET KE\FILE PDF\9. CHI TIET TUONG RAO.dwg,Model,16/06/2022 10:35:11 AM,DELL,pdfFactory Pro,A3,1:74.3052,
D:\1. CONG VIEC LCDI\CV 2022\1. QUAN KHU 3\3. BAN CHQS THANH MIEN\3. THIET KE BVTC\1. THIET KE\FILE PDF\0. MB DINH VI - THANH MIEN .dwg,Model,16/06/2022 10:36:53 AM,DELL,pdfFactory Pro,A3,1:0.787873,
D:\1. CONG VIEC LCDI\CV 2022\1. QUAN KHU 3\3. BAN CHQS THANH MIEN\3. THIET KE BVTC\1. THIET KE\FILE PDF\0. MB DINH VI - THANH MIEN .dwg,Model,16/06/2022 10:37:02 AM,DELL,pdfFactory Pro,A3,1:0.630299,
D:\1. CONG VIEC LCDI\CV 2022\1. QUAN KHU 3\3. BAN CHQS THANH MIEN\3. THIET KE BVTC\1. THIET KE\FILE PDF\10. CHI TIET COT CO.dwg,Model,16/06/2022 10:37:37 AM,DELL,pdfFactory Pro,A3,1:15.7575,
D:\1. CONG VIEC LCDI\CV 2022\1. QUAN KHU 3\3. BAN CHQS THANH MIEN\3. THIET KE BVTC\1. THIET KE\FILE PDF\10. CHI TIET COT CO.dwg,Model,16/06/2022 10:37:38 AM,DELL,pdfFactory Pro,A3,1:26.3201,
D:\1. CONG VIEC LCDI\CV 2022\4. QUAN NGO QUYEN\4. TRUONG THCS AN DA\2. THIET KE BVTC\1. THIET KE - KHUNG CTY 18\1.MAT BANG SAN, THOAT NUOC.dwg,Model,16/06/2022 7:41:33 PM,DELL,Gestetner MP 6002 PCL 6,A3 (297 x 420 mm),1:0.251845,
D:\1. CONG VIEC LCDI\CV 2022\4. QUAN NGO QUYEN\4. TRUONG THCS AN DA\2. THIET KE BVTC\1. THIET KE - KHUNG CTY 18\1.MAT BANG SAN, THOAT NUOC.dwg,Model,16/06/2022 7:41:36 PM,DELL,Gestetner MP 6002 PCL 6,A3 (297 x 420 mm),1:0.314907,
D:\1. CONG VIEC LCDI\CV 2022\4. QUAN NGO QUYEN\4. TRUONG THCS AN DA\2. THIET KE BVTC\1. THIET KE - KHUNG CTY 18\1.MAT BANG SAN, THOAT NUOC.dwg,Model,16/06/2022 7:41:39 PM,DELL,Gestetner MP 6002 PCL 6,A3 (297 x 420 mm),1:0.314907,
D:\1. CONG VIEC LCDI\CV 2022\4. QUAN NGO QUYEN\4. TRUONG THCS AN DA\2. THIET KE BVTC\1. THIET KE - KHUNG CTY 18\2.TRAC DOC THOAT NUOC.dwg,Model,16/06/2022 7:41:50 PM,DELL,Gestetner MP 6002 PCL 6,A3 (297 x 420 mm),1:0.839752,
D:\1. CONG VIEC LCDI\CV 2022\4. QUAN NGO QUYEN\4. TRUONG THCS AN DA\2. THIET KE BVTC\1. THIET KE - KHUNG CTY 18\3. CHI TIET GA, CONG D400.dwg,Model,16/06/2022 7:42:00 PM,DELL,Gestetner MP 6002 PCL 6,A3 (297 x 420 mm),1:26.1133,
D:\1. CONG VIEC LCDI\CV 2022\4. QUAN NGO QUYEN\4. TRUONG THCS AN DA\2. THIET KE BVTC\1. THIET KE - KHUNG CTY 18\3. CHI TIET GA, CONG D400.dwg,Model,16/06/2022 7:42:03 PM,DELL,Gestetner MP 6002 PCL 6,A3 (297 x 420 mm),1:26.1133,
D:\1. CONG VIEC LCDI\CV 2022\4. QUAN NGO QUYEN\4. TRUONG THCS AN DA\2. THIET KE BVTC\1. THIET KE - KHUNG CTY 18\3. CHI TIET GA, CONG D400.dwg,Model,16/06/2022 7:42:05 PM,DELL,Gestetner MP 6002 PCL 6,A3 (297 x 420 mm),1:26.1133,
D:\1. CONG VIEC LCDI\CV 2022\4. QUAN NGO QUYEN\4. TRUONG THCS AN DA\2. THIET KE BVTC\1. THIET KE - KHUNG CTY 18\3. CHI TIET GA, CONG D400.dwg,Model,16/06/2022 7:42:08 PM,DELL,Gestetner MP 6002 PCL 6,A3 (297 x 420 mm),1:20.9948,
D:\1. CONG VIEC LCDI\CV 2022\4. QUAN NGO QUYEN\4. TRUONG THCS AN DA\2. THIET KE BVTC\1. THIET KE - KHUNG CTY 18\3. CHI TIET GA, CONG D400.dwg,Model,16/06/2022 7:42:10 PM,DELL,Gestetner MP 6002 PCL 6,A3 (297 x 420 mm),1:20.9948,
D:\1. CONG VIEC LCDI\CV 2022\4. QUAN NGO QUYEN\4. TRUONG THCS AN DA\2. THIET KE BVTC\1. THIET KE - KHUNG CTY 18\3. CHI TIET GA, CONG D400.dwg,Model,16/06/2022 7:42:12 PM,DELL,Gestetner MP 6002 PCL 6,A3 (297 x 420 mm),1:26.1133,
D:\1. CONG VIEC LCDI\CV 2022\4. QUAN NGO QUYEN\4. TRUONG THCS AN DA\2. THIET KE BVTC\1. THIET KE - KHUNG CTY 18\3. CHI TIET GA, CONG D400.dwg,Model,16/06/2022 7:42:14 PM,DELL,Gestetner MP 6002 PCL 6,A3 (297 x 420 mm),1:20.9948,
D:\1. CONG VIEC LCDI\CV 2022\4. QUAN NGO QUYEN\4. TRUONG THCS AN DA\2. THIET KE BVTC\1. THIET KE - KHUNG CTY 18\3. CHI TIET GA, CONG D400.dwg,Model,16/06/2022 7:42:16 PM,DELL,Gestetner MP 6002 PCL 6,A3 (297 x 420 mm),1:20.9948,
D:\1. CONG VIEC LCDI\CV 2022\4. QUAN NGO QUYEN\4. TRUONG THCS AN DA\2. THIET KE BVTC\1. THIET KE - KHUNG CTY 18\3. CHI TIET GA, CONG D400.dwg,Model,16/06/2022 7:42:18 PM,DELL,Gestetner MP 6002 PCL 6,A3 (297 x 420 mm),1:20.9948,
D:\1. CONG VIEC LCDI\CV 2022\4. QUAN NGO QUYEN\4. TRUONG THCS AN DA\2. THIET KE BVTC\1. THIET KE - KHUNG CTY 18\3. CHI TIET GA, CONG D400.dwg,Model,16/06/2022 7:42:20 PM,DELL,Gestetner MP 6002 PCL 6,A3 (297 x 420 mm),1:20.9948,
D:\1. CONG VIEC LCDI\CV 2022\3. QUAN HAI AN\1. TRUONG TH THANH TO\7. BAN VE TKCS\2. THAM DINH\1.MB SAN NGOAI NHA.dwg,Model,17/06/2022 4:50:37 PM,DELL,Gestetner MP 6002 PCL 6,A3 (297 x 420 mm),1:0.621183,
D:\1. CONG VIEC LCDI\CV 2022\3. QUAN HAI AN\1. TRUONG TH THANH TO\5. MAT BANG QUY HOACH - IN TRINH\1.1 QH TONG MAT BANG - THANH TO - fix.dwg,Model,17/06/2022 4:50:54 PM,DELL,Gestetner MP 6002 PCL 6,A3 (297 x 420 mm),1:0.621183,
D:\1. CONG VIEC LCDI\CV 2022\3. QUAN HAI AN\1. TRUONG TH THANH TO\7. BAN VE TKCS\2. THAM DINH - THEO QH 1.500\1.MB SAN NGOAI NHA.dwg,Model,21/06/2022 4:49:26 PM,DELL,Gestetner MP 6002 PCL 6,A3 (297 x 420 mm),1:0.439265,
D:\1. CONG VIEC LCDI\CV 2022\3. QUAN HAI AN\1. TRUONG TH THANH TO\7. BAN VE TKCS\2. THAM DINH - THEO QH 1.500\1.MB SAN NGOAI NHA.dwg,Model,21/06/2022 4:49:28 PM,DELL,Gestetner MP 6002 PCL 6,A3 (297 x 420 mm),1:0.439265,
D:\1. CONG VIEC LCDI\CV 2022\3. QUAN HAI AN\1. TRUONG TH THANH TO\7. BAN VE TKCS\2. THAM DINH - THEO QH 1.500\1.MB SAN NGOAI NHA.dwg,Model,21/06/2022 4:49:31 PM,DELL,Gestetner MP 6002 PCL 6,A3 (297 x 420 mm),1:0.310592,
D:\1. CONG VIEC LCDI\CV 2022\3. QUAN HAI AN\1. TRUONG TH THANH TO\7. BAN VE TKCS\2. THAM DINH - THEO QH 1.500\1.MB SAN NGOAI NHA.dwg,Model,21/06/2022 4:57:02 PM,DELL,Gestetner MP 6002 PCL 6,A3 (297 x 420 mm),1:0.439265,
D:\1. CONG VIEC LCDI\CV 2022\3. QUAN HAI AN\1. TRUONG TH THANH TO\7. BAN VE TKCS\2. THAM DINH - THEO QH 1.500\1.MB SAN NGOAI NHA.dwg,Model,21/06/2022 4:57:05 PM,DELL,Gestetner MP 6002 PCL 6,A3 (297 x 420 mm),1:0.439265,
D:\1. CONG VIEC LCDI\CV 2022\3. QUAN HAI AN\1. TRUONG TH THANH TO\7. BAN VE TKCS\2. THAM DINH - THEO QH 1.500\1.MB SAN NGOAI NHA.dwg,Model,21/06/2022 4:57:08 PM,DELL,Gestetner MP 6002 PCL 6,A3 (297 x 420 mm),1:0.310592,
D:\1. CONG VIEC LCDI\CV 2022\4. QUAN NGO QUYEN\6. NGO 408 LE THANH TONG\2. THIET KE BVTC\1. THIET KE\1. BAN VE\5. TRAC DOC THOAT NUOC.dwg,Model,22/06/2022 4:38:40 PM,DELL,Gestetner MP 6002 PCL 6,A3 (297 x 420 mm),1:0.839752,
D:\1. CONG VIEC LCDI\CV 2022\4. QUAN NGO QUYEN\6. NGO 408 LE THANH TONG\2. THIET KE BVTC\1. THIET KE\1. BAN VE\5. TRAC DOC THOAT NUOC.dwg,Model,22/06/2022 4:38:42 PM,DELL,Gestetner MP 6002 PCL 6,A3 (297 x 420 mm),1:0.839752,
